[2022-03-06 10:24:12] flarum.ERROR: Swift_TransportException: Connection could not be established with host smtp.qq.com :stream_socket_client(): unable to connect to ssl://smtp.qq.com:25 (Connection timed out) in /www/wwwroot/bbs/vendor/swiftmailer/swiftmailer/lib/classes/Swift/Transport/StreamBuffer.php:261
Stack trace:
#0 [internal function]: Swift_Transport_StreamBuffer->{closure}()
#1 /www/wwwroot/bbs/vendor/swiftmailer/swiftmailer/lib/classes/Swift/Transport/StreamBuffer.php(264): stream_socket_client()
#2 /www/wwwroot/bbs/vendor/swiftmailer/swiftmailer/lib/classes/Swift/Transport/StreamBuffer.php(58): Swift_Transport_StreamBuffer->establishSocketConnection()
#3 /www/wwwroot/bbs/vendor/swiftmailer/swiftmailer/lib/classes/Swift/Transport/AbstractSmtpTransport.php(143): Swift_Transport_StreamBuffer->initialize()
#4 /www/wwwroot/bbs/vendor/swiftmailer/swiftmailer/lib/classes/Swift/Mailer.php(65): Swift_Transport_AbstractSmtpTransport->start()
#5 /www/wwwroot/bbs/vendor/illuminate/mail/Mailer.php(521): Swift_Mailer->send()
#6 /www/wwwroot/bbs/vendor/illuminate/mail/Mailer.php(288): Illuminate\Mail\Mailer->sendSwiftMessage()
#7 /www/wwwroot/bbs/vendor/illuminate/mail/Mailer.php(212): Illuminate\Mail\Mailer->send()
#8 /www/wwwroot/bbs/vendor/flarum/core/src/Api/Controller/SendTestMailController.php(43): Illuminate\Mail\Mailer->raw()
#9 /www/wwwroot/bbs/vendor/flarum/core/src/Http/RouteHandlerFactory.php(41): Flarum\Api\Controller\SendTestMailController->handle()
#10 /www/wwwroot/bbs/vendor/flarum/core/src/Http/Middleware/ExecuteRoute.php(27): Flarum\Http\RouteHandlerFactory->Flarum\Http\{closure}()
#11 /www/wwwroot/bbs/vendor/laminas/laminas-stratigility/src/Next.php(51): Flarum\Http\Middleware\ExecuteRoute->process()
#12 /www/wwwroot/bbs/vendor/flarum/core/src/Api/Middleware/ThrottleApi.php(33): Laminas\Stratigility\Next->handle()
#13 /www/wwwroot/bbs/vendor/laminas/laminas-stratigility/src/Next.php(51): Flarum\Api\Middleware\ThrottleApi->process()
#14 /www/wwwroot/bbs/vendor/flarum/core/src/Http/Middleware/CheckCsrfToken.php(44): Laminas\Stratigility\Next->handle()
#15 /www/wwwroot/bbs/vendor/laminas/laminas-stratigility/src/Next.php(51): Flarum\Http\Middleware\CheckCsrfToken->process()
#16 /www/wwwroot/bbs/vendor/flarum/core/src/Http/Middleware/ResolveRoute.php(67): Laminas\Stratigility\Next->handle()
#17 /www/wwwroot/bbs/vendor/laminas/laminas-stratigility/src/Next.php(51): Flarum\Http\Middleware\ResolveRoute->process()
#18 /www/wwwroot/bbs/vendor/flarum/core/src/Http/Middleware/SetLocale.php(51): Laminas\Stratigility\Next->handle()
#19 /www/wwwroot/bbs/vendor/laminas/laminas-stratigility/src/Next.php(51): Flarum\Http\Middleware\SetLocale->process()
#20 /www/wwwroot/bbs/vendor/flarum/core/src/Http/Middleware/AuthenticateWithHeader.php(58): Laminas\Stratigility\Next->handle()
#21 /www/wwwroot/bbs/vendor/laminas/laminas-stratigility/src/Next.php(51): Flarum\Http\Middleware\AuthenticateWithHeader->process()
#22 /www/wwwroot/bbs/vendor/flarum/core/src/Http/Middleware/AuthenticateWithSession.php(31): Laminas\Stratigility\Next->handle()
#23 /www/wwwroot/bbs/vendor/laminas/laminas-stratigility/src/Next.php(51): Flarum\Http\Middleware\AuthenticateWithSession->process()
#24 /www/wwwroot/bbs/vendor/flarum/core/src/Http/Middleware/RememberFromCookie.php(52): Laminas\Stratigility\Next->handle()
#25 /www/wwwroot/bbs/vendor/laminas/laminas-stratigility/src/Next.php(51): Flarum\Http\Middleware\RememberFromCookie->process()
#26 /www/wwwroot/bbs/vendor/flarum/core/src/Http/Middleware/StartSession.php(61): Laminas\Stratigility\Next->handle()
#27 /www/wwwroot/bbs/vendor/laminas/laminas-stratigility/src/Next.php(51): Flarum\Http\Middleware\StartSession->process()
#28 /www/wwwroot/bbs/vendor/flarum/core/src/Api/Middleware/FakeHttpMethods.php(29): Laminas\Stratigility\Next->handle()
#29 /www/wwwroot/bbs/vendor/laminas/laminas-stratigility/src/Next.php(51): Flarum\Api\Middleware\FakeHttpMethods->process()
#30 /www/wwwroot/bbs/vendor/flarum/core/src/Http/Middleware/ParseJsonBody.php(28): Laminas\Stratigility\Next->handle()
#31 /www/wwwroot/bbs/vendor/laminas/laminas-stratigility/src/Next.php(51): Flarum\Http\Middleware\ParseJsonBody->process()
#32 /www/wwwroot/bbs/vendor/flarum/core/src/Http/Middleware/HandleErrors.php(57): Laminas\Stratigility\Next->handle()
#33 /www/wwwroot/bbs/vendor/laminas/laminas-stratigility/src/Next.php(51): Flarum\Http\Middleware\HandleErrors->process()
#34 /www/wwwroot/bbs/vendor/flarum/core/src/Http/Middleware/InjectActorReference.php(25): Laminas\Stratigility\Next->handle()
#35 /www/wwwroot/bbs/vendor/laminas/laminas-stratigility/src/Next.php(51): Flarum\Http\Middleware\InjectActorReference->process()
#36 /www/wwwroot/bbs/vendor/laminas/laminas-stratigility/src/MiddlewarePipe.php(76): Laminas\Stratigility\Next->handle()
#37 /www/wwwroot/bbs/vendor/middlewares/request-handler/src/RequestHandler.php(84): Laminas\Stratigility\MiddlewarePipe->process()
#38 /www/wwwroot/bbs/vendor/laminas/laminas-stratigility/src/Next.php(51): Middlewares\RequestHandler->process()
#39 /www/wwwroot/bbs/vendor/middlewares/base-path-router/src/BasePathRouter.php(101): Laminas\Stratigility\Next->handle()
#40 /www/wwwroot/bbs/vendor/laminas/laminas-stratigility/src/Next.php(51): Middlewares\BasePathRouter->process()
#41 /www/wwwroot/bbs/vendor/laminas/laminas-stratigility/src/Middleware/OriginalMessages.php(36): Laminas\Stratigility\Next->handle()
#42 /www/wwwroot/bbs/vendor/laminas/laminas-stratigility/src/Next.php(51): Laminas\Stratigility\Middleware\OriginalMessages->process()
#43 /www/wwwroot/bbs/vendor/middlewares/base-path/src/BasePath.php(73): Laminas\Stratigility\Next->handle()
#44 /www/wwwroot/bbs/vendor/laminas/laminas-stratigility/src/Next.php(51): Middlewares\BasePath->process()
#45 /www/wwwroot/bbs/vendor/flarum/core/src/Http/Middleware/ProcessIp.php(24): Laminas\Stratigility\Next->handle()
#46 /www/wwwroot/bbs/vendor/laminas/laminas-stratigility/src/Next.php(51): Flarum\Http\Middleware\ProcessIp->process()
#47 /www/wwwroot/bbs/vendor/laminas/laminas-stratigility/src/MiddlewarePipe.php(76): Laminas\Stratigility\Next->handle()
#48 /www/wwwroot/bbs/vendor/laminas/laminas-stratigility/src/MiddlewarePipe.php(65): Laminas\Stratigility\MiddlewarePipe->process()
#49 /www/wwwroot/bbs/vendor/laminas/laminas-httphandlerrunner/src/RequestHandlerRunner.php(96): Laminas\Stratigility\MiddlewarePipe->handle()
#50 /www/wwwroot/bbs/vendor/flarum/core/src/Http/Server.php(44): Laminas\HttpHandlerRunner\RequestHandlerRunner->run()
#51 /www/wwwroot/bbs/public/index.php(26): Flarum\Http\Server->listen()
#52 {main}  
[2022-03-06 10:25:14] flarum.ERROR: Swift_TransportException: Connection could not be established with host smtp.qq.com :stream_socket_client(): unable to connect to ssl://smtp.qq.com:25 (Connection timed out) in /www/wwwroot/bbs/vendor/swiftmailer/swiftmailer/lib/classes/Swift/Transport/StreamBuffer.php:261
Stack trace:
#0 [internal function]: Swift_Transport_StreamBuffer->{closure}()
#1 /www/wwwroot/bbs/vendor/swiftmailer/swiftmailer/lib/classes/Swift/Transport/StreamBuffer.php(264): stream_socket_client()
#2 /www/wwwroot/bbs/vendor/swiftmailer/swiftmailer/lib/classes/Swift/Transport/StreamBuffer.php(58): Swift_Transport_StreamBuffer->establishSocketConnection()
#3 /www/wwwroot/bbs/vendor/swiftmailer/swiftmailer/lib/classes/Swift/Transport/AbstractSmtpTransport.php(143): Swift_Transport_StreamBuffer->initialize()
#4 /www/wwwroot/bbs/vendor/swiftmailer/swiftmailer/lib/classes/Swift/Mailer.php(65): Swift_Transport_AbstractSmtpTransport->start()
#5 /www/wwwroot/bbs/vendor/illuminate/mail/Mailer.php(521): Swift_Mailer->send()
#6 /www/wwwroot/bbs/vendor/illuminate/mail/Mailer.php(288): Illuminate\Mail\Mailer->sendSwiftMessage()
#7 /www/wwwroot/bbs/vendor/illuminate/mail/Mailer.php(212): Illuminate\Mail\Mailer->send()
#8 /www/wwwroot/bbs/vendor/flarum/core/src/Api/Controller/SendTestMailController.php(43): Illuminate\Mail\Mailer->raw()
#9 /www/wwwroot/bbs/vendor/flarum/core/src/Http/RouteHandlerFactory.php(41): Flarum\Api\Controller\SendTestMailController->handle()
#10 /www/wwwroot/bbs/vendor/flarum/core/src/Http/Middleware/ExecuteRoute.php(27): Flarum\Http\RouteHandlerFactory->Flarum\Http\{closure}()
#11 /www/wwwroot/bbs/vendor/laminas/laminas-stratigility/src/Next.php(51): Flarum\Http\Middleware\ExecuteRoute->process()
#12 /www/wwwroot/bbs/vendor/flarum/core/src/Api/Middleware/ThrottleApi.php(33): Laminas\Stratigility\Next->handle()
#13 /www/wwwroot/bbs/vendor/laminas/laminas-stratigility/src/Next.php(51): Flarum\Api\Middleware\ThrottleApi->process()
#14 /www/wwwroot/bbs/vendor/flarum/core/src/Http/Middleware/CheckCsrfToken.php(44): Laminas\Stratigility\Next->handle()
#15 /www/wwwroot/bbs/vendor/laminas/laminas-stratigility/src/Next.php(51): Flarum\Http\Middleware\CheckCsrfToken->process()
#16 /www/wwwroot/bbs/vendor/flarum/core/src/Http/Middleware/ResolveRoute.php(67): Laminas\Stratigility\Next->handle()
#17 /www/wwwroot/bbs/vendor/laminas/laminas-stratigility/src/Next.php(51): Flarum\Http\Middleware\ResolveRoute->process()
#18 /www/wwwroot/bbs/vendor/flarum/core/src/Http/Middleware/SetLocale.php(51): Laminas\Stratigility\Next->handle()
#19 /www/wwwroot/bbs/vendor/laminas/laminas-stratigility/src/Next.php(51): Flarum\Http\Middleware\SetLocale->process()
#20 /www/wwwroot/bbs/vendor/flarum/core/src/Http/Middleware/AuthenticateWithHeader.php(58): Laminas\Stratigility\Next->handle()
#21 /www/wwwroot/bbs/vendor/laminas/laminas-stratigility/src/Next.php(51): Flarum\Http\Middleware\AuthenticateWithHeader->process()
#22 /www/wwwroot/bbs/vendor/flarum/core/src/Http/Middleware/AuthenticateWithSession.php(31): Laminas\Stratigility\Next->handle()
#23 /www/wwwroot/bbs/vendor/laminas/laminas-stratigility/src/Next.php(51): Flarum\Http\Middleware\AuthenticateWithSession->process()
#24 /www/wwwroot/bbs/vendor/flarum/core/src/Http/Middleware/RememberFromCookie.php(52): Laminas\Stratigility\Next->handle()
#25 /www/wwwroot/bbs/vendor/laminas/laminas-stratigility/src/Next.php(51): Flarum\Http\Middleware\RememberFromCookie->process()
#26 /www/wwwroot/bbs/vendor/flarum/core/src/Http/Middleware/StartSession.php(61): Laminas\Stratigility\Next->handle()
#27 /www/wwwroot/bbs/vendor/laminas/laminas-stratigility/src/Next.php(51): Flarum\Http\Middleware\StartSession->process()
#28 /www/wwwroot/bbs/vendor/flarum/core/src/Api/Middleware/FakeHttpMethods.php(29): Laminas\Stratigility\Next->handle()
#29 /www/wwwroot/bbs/vendor/laminas/laminas-stratigility/src/Next.php(51): Flarum\Api\Middleware\FakeHttpMethods->process()
#30 /www/wwwroot/bbs/vendor/flarum/core/src/Http/Middleware/ParseJsonBody.php(28): Laminas\Stratigility\Next->handle()
#31 /www/wwwroot/bbs/vendor/laminas/laminas-stratigility/src/Next.php(51): Flarum\Http\Middleware\ParseJsonBody->process()
#32 /www/wwwroot/bbs/vendor/flarum/core/src/Http/Middleware/HandleErrors.php(57): Laminas\Stratigility\Next->handle()
#33 /www/wwwroot/bbs/vendor/laminas/laminas-stratigility/src/Next.php(51): Flarum\Http\Middleware\HandleErrors->process()
#34 /www/wwwroot/bbs/vendor/flarum/core/src/Http/Middleware/InjectActorReference.php(25): Laminas\Stratigility\Next->handle()
#35 /www/wwwroot/bbs/vendor/laminas/laminas-stratigility/src/Next.php(51): Flarum\Http\Middleware\InjectActorReference->process()
#36 /www/wwwroot/bbs/vendor/laminas/laminas-stratigility/src/MiddlewarePipe.php(76): Laminas\Stratigility\Next->handle()
#37 /www/wwwroot/bbs/vendor/middlewares/request-handler/src/RequestHandler.php(84): Laminas\Stratigility\MiddlewarePipe->process()
#38 /www/wwwroot/bbs/vendor/laminas/laminas-stratigility/src/Next.php(51): Middlewares\RequestHandler->process()
#39 /www/wwwroot/bbs/vendor/middlewares/base-path-router/src/BasePathRouter.php(101): Laminas\Stratigility\Next->handle()
#40 /www/wwwroot/bbs/vendor/laminas/laminas-stratigility/src/Next.php(51): Middlewares\BasePathRouter->process()
#41 /www/wwwroot/bbs/vendor/laminas/laminas-stratigility/src/Middleware/OriginalMessages.php(36): Laminas\Stratigility\Next->handle()
#42 /www/wwwroot/bbs/vendor/laminas/laminas-stratigility/src/Next.php(51): Laminas\Stratigility\Middleware\OriginalMessages->process()
#43 /www/wwwroot/bbs/vendor/middlewares/base-path/src/BasePath.php(73): Laminas\Stratigility\Next->handle()
#44 /www/wwwroot/bbs/vendor/laminas/laminas-stratigility/src/Next.php(51): Middlewares\BasePath->process()
#45 /www/wwwroot/bbs/vendor/flarum/core/src/Http/Middleware/ProcessIp.php(24): Laminas\Stratigility\Next->handle()
#46 /www/wwwroot/bbs/vendor/laminas/laminas-stratigility/src/Next.php(51): Flarum\Http\Middleware\ProcessIp->process()
#47 /www/wwwroot/bbs/vendor/laminas/laminas-stratigility/src/MiddlewarePipe.php(76): Laminas\Stratigility\Next->handle()
#48 /www/wwwroot/bbs/vendor/laminas/laminas-stratigility/src/MiddlewarePipe.php(65): Laminas\Stratigility\MiddlewarePipe->process()
#49 /www/wwwroot/bbs/vendor/laminas/laminas-httphandlerrunner/src/RequestHandlerRunner.php(96): Laminas\Stratigility\MiddlewarePipe->handle()
#50 /www/wwwroot/bbs/vendor/flarum/core/src/Http/Server.php(44): Laminas\HttpHandlerRunner\RequestHandlerRunner->run()
#51 /www/wwwroot/bbs/public/index.php(26): Flarum\Http\Server->listen()
#52 {main}  
[2022-03-06 10:26:42] flarum.ERROR: Swift_TransportException: Connection could not be established with host smtp.qq.com :stream_socket_client(): unable to connect to tcp://smtp.qq.com:25 (Connection timed out) in /www/wwwroot/bbs/vendor/swiftmailer/swiftmailer/lib/classes/Swift/Transport/StreamBuffer.php:261
Stack trace:
#0 [internal function]: Swift_Transport_StreamBuffer->{closure}()
#1 /www/wwwroot/bbs/vendor/swiftmailer/swiftmailer/lib/classes/Swift/Transport/StreamBuffer.php(264): stream_socket_client()
#2 /www/wwwroot/bbs/vendor/swiftmailer/swiftmailer/lib/classes/Swift/Transport/StreamBuffer.php(58): Swift_Transport_StreamBuffer->establishSocketConnection()
#3 /www/wwwroot/bbs/vendor/swiftmailer/swiftmailer/lib/classes/Swift/Transport/AbstractSmtpTransport.php(143): Swift_Transport_StreamBuffer->initialize()
#4 /www/wwwroot/bbs/vendor/swiftmailer/swiftmailer/lib/classes/Swift/Mailer.php(65): Swift_Transport_AbstractSmtpTransport->start()
#5 /www/wwwroot/bbs/vendor/illuminate/mail/Mailer.php(521): Swift_Mailer->send()
#6 /www/wwwroot/bbs/vendor/illuminate/mail/Mailer.php(288): Illuminate\Mail\Mailer->sendSwiftMessage()
#7 /www/wwwroot/bbs/vendor/illuminate/mail/Mailer.php(212): Illuminate\Mail\Mailer->send()
#8 /www/wwwroot/bbs/vendor/flarum/core/src/Api/Controller/SendTestMailController.php(43): Illuminate\Mail\Mailer->raw()
#9 /www/wwwroot/bbs/vendor/flarum/core/src/Http/RouteHandlerFactory.php(41): Flarum\Api\Controller\SendTestMailController->handle()
#10 /www/wwwroot/bbs/vendor/flarum/core/src/Http/Middleware/ExecuteRoute.php(27): Flarum\Http\RouteHandlerFactory->Flarum\Http\{closure}()
#11 /www/wwwroot/bbs/vendor/laminas/laminas-stratigility/src/Next.php(51): Flarum\Http\Middleware\ExecuteRoute->process()
#12 /www/wwwroot/bbs/vendor/flarum/core/src/Api/Middleware/ThrottleApi.php(33): Laminas\Stratigility\Next->handle()
#13 /www/wwwroot/bbs/vendor/laminas/laminas-stratigility/src/Next.php(51): Flarum\Api\Middleware\ThrottleApi->process()
#14 /www/wwwroot/bbs/vendor/flarum/core/src/Http/Middleware/CheckCsrfToken.php(44): Laminas\Stratigility\Next->handle()
#15 /www/wwwroot/bbs/vendor/laminas/laminas-stratigility/src/Next.php(51): Flarum\Http\Middleware\CheckCsrfToken->process()
#16 /www/wwwroot/bbs/vendor/flarum/core/src/Http/Middleware/ResolveRoute.php(67): Laminas\Stratigility\Next->handle()
#17 /www/wwwroot/bbs/vendor/laminas/laminas-stratigility/src/Next.php(51): Flarum\Http\Middleware\ResolveRoute->process()
#18 /www/wwwroot/bbs/vendor/flarum/core/src/Http/Middleware/SetLocale.php(51): Laminas\Stratigility\Next->handle()
#19 /www/wwwroot/bbs/vendor/laminas/laminas-stratigility/src/Next.php(51): Flarum\Http\Middleware\SetLocale->process()
#20 /www/wwwroot/bbs/vendor/flarum/core/src/Http/Middleware/AuthenticateWithHeader.php(58): Laminas\Stratigility\Next->handle()
#21 /www/wwwroot/bbs/vendor/laminas/laminas-stratigility/src/Next.php(51): Flarum\Http\Middleware\AuthenticateWithHeader->process()
#22 /www/wwwroot/bbs/vendor/flarum/core/src/Http/Middleware/AuthenticateWithSession.php(31): Laminas\Stratigility\Next->handle()
#23 /www/wwwroot/bbs/vendor/laminas/laminas-stratigility/src/Next.php(51): Flarum\Http\Middleware\AuthenticateWithSession->process()
#24 /www/wwwroot/bbs/vendor/flarum/core/src/Http/Middleware/RememberFromCookie.php(52): Laminas\Stratigility\Next->handle()
#25 /www/wwwroot/bbs/vendor/laminas/laminas-stratigility/src/Next.php(51): Flarum\Http\Middleware\RememberFromCookie->process()
#26 /www/wwwroot/bbs/vendor/flarum/core/src/Http/Middleware/StartSession.php(61): Laminas\Stratigility\Next->handle()
#27 /www/wwwroot/bbs/vendor/laminas/laminas-stratigility/src/Next.php(51): Flarum\Http\Middleware\StartSession->process()
#28 /www/wwwroot/bbs/vendor/flarum/core/src/Api/Middleware/FakeHttpMethods.php(29): Laminas\Stratigility\Next->handle()
#29 /www/wwwroot/bbs/vendor/laminas/laminas-stratigility/src/Next.php(51): Flarum\Api\Middleware\FakeHttpMethods->process()
#30 /www/wwwroot/bbs/vendor/flarum/core/src/Http/Middleware/ParseJsonBody.php(28): Laminas\Stratigility\Next->handle()
#31 /www/wwwroot/bbs/vendor/laminas/laminas-stratigility/src/Next.php(51): Flarum\Http\Middleware\ParseJsonBody->process()
#32 /www/wwwroot/bbs/vendor/flarum/core/src/Http/Middleware/HandleErrors.php(57): Laminas\Stratigility\Next->handle()
#33 /www/wwwroot/bbs/vendor/laminas/laminas-stratigility/src/Next.php(51): Flarum\Http\Middleware\HandleErrors->process()
#34 /www/wwwroot/bbs/vendor/flarum/core/src/Http/Middleware/InjectActorReference.php(25): Laminas\Stratigility\Next->handle()
#35 /www/wwwroot/bbs/vendor/laminas/laminas-stratigility/src/Next.php(51): Flarum\Http\Middleware\InjectActorReference->process()
#36 /www/wwwroot/bbs/vendor/laminas/laminas-stratigility/src/MiddlewarePipe.php(76): Laminas\Stratigility\Next->handle()
#37 /www/wwwroot/bbs/vendor/middlewares/request-handler/src/RequestHandler.php(84): Laminas\Stratigility\MiddlewarePipe->process()
#38 /www/wwwroot/bbs/vendor/laminas/laminas-stratigility/src/Next.php(51): Middlewares\RequestHandler->process()
#39 /www/wwwroot/bbs/vendor/middlewares/base-path-router/src/BasePathRouter.php(101): Laminas\Stratigility\Next->handle()
#40 /www/wwwroot/bbs/vendor/laminas/laminas-stratigility/src/Next.php(51): Middlewares\BasePathRouter->process()
#41 /www/wwwroot/bbs/vendor/laminas/laminas-stratigility/src/Middleware/OriginalMessages.php(36): Laminas\Stratigility\Next->handle()
#42 /www/wwwroot/bbs/vendor/laminas/laminas-stratigility/src/Next.php(51): Laminas\Stratigility\Middleware\OriginalMessages->process()
#43 /www/wwwroot/bbs/vendor/middlewares/base-path/src/BasePath.php(73): Laminas\Stratigility\Next->handle()
#44 /www/wwwroot/bbs/vendor/laminas/laminas-stratigility/src/Next.php(51): Middlewares\BasePath->process()
#45 /www/wwwroot/bbs/vendor/flarum/core/src/Http/Middleware/ProcessIp.php(24): Laminas\Stratigility\Next->handle()
#46 /www/wwwroot/bbs/vendor/laminas/laminas-stratigility/src/Next.php(51): Flarum\Http\Middleware\ProcessIp->process()
#47 /www/wwwroot/bbs/vendor/laminas/laminas-stratigility/src/MiddlewarePipe.php(76): Laminas\Stratigility\Next->handle()
#48 /www/wwwroot/bbs/vendor/laminas/laminas-stratigility/src/MiddlewarePipe.php(65): Laminas\Stratigility\MiddlewarePipe->process()
#49 /www/wwwroot/bbs/vendor/laminas/laminas-httphandlerrunner/src/RequestHandlerRunner.php(96): Laminas\Stratigility\MiddlewarePipe->handle()
#50 /www/wwwroot/bbs/vendor/flarum/core/src/Http/Server.php(44): Laminas\HttpHandlerRunner\RequestHandlerRunner->run()
#51 /www/wwwroot/bbs/public/index.php(26): Flarum\Http\Server->listen()
#52 {main}  
[2022-03-06 10:41:17] flarum.ERROR: Swift_TransportException: Connection could not be established with host smtp.qq.com :stream_socket_client(): unable to connect to tcp://smtp.qq.com:25 (Connection timed out) in /www/wwwroot/bbs/vendor/swiftmailer/swiftmailer/lib/classes/Swift/Transport/StreamBuffer.php:261
Stack trace:
#0 [internal function]: Swift_Transport_StreamBuffer->{closure}()
#1 /www/wwwroot/bbs/vendor/swiftmailer/swiftmailer/lib/classes/Swift/Transport/StreamBuffer.php(264): stream_socket_client()
#2 /www/wwwroot/bbs/vendor/swiftmailer/swiftmailer/lib/classes/Swift/Transport/StreamBuffer.php(58): Swift_Transport_StreamBuffer->establishSocketConnection()
#3 /www/wwwroot/bbs/vendor/swiftmailer/swiftmailer/lib/classes/Swift/Transport/AbstractSmtpTransport.php(143): Swift_Transport_StreamBuffer->initialize()
#4 /www/wwwroot/bbs/vendor/swiftmailer/swiftmailer/lib/classes/Swift/Mailer.php(65): Swift_Transport_AbstractSmtpTransport->start()
#5 /www/wwwroot/bbs/vendor/illuminate/mail/Mailer.php(521): Swift_Mailer->send()
#6 /www/wwwroot/bbs/vendor/illuminate/mail/Mailer.php(288): Illuminate\Mail\Mailer->sendSwiftMessage()
#7 /www/wwwroot/bbs/vendor/illuminate/mail/Mailer.php(212): Illuminate\Mail\Mailer->send()
#8 /www/wwwroot/bbs/vendor/flarum/core/src/Api/Controller/SendTestMailController.php(43): Illuminate\Mail\Mailer->raw()
#9 /www/wwwroot/bbs/vendor/flarum/core/src/Http/RouteHandlerFactory.php(41): Flarum\Api\Controller\SendTestMailController->handle()
#10 /www/wwwroot/bbs/vendor/flarum/core/src/Http/Middleware/ExecuteRoute.php(27): Flarum\Http\RouteHandlerFactory->Flarum\Http\{closure}()
#11 /www/wwwroot/bbs/vendor/laminas/laminas-stratigility/src/Next.php(51): Flarum\Http\Middleware\ExecuteRoute->process()
#12 /www/wwwroot/bbs/vendor/flarum/core/src/Api/Middleware/ThrottleApi.php(33): Laminas\Stratigility\Next->handle()
#13 /www/wwwroot/bbs/vendor/laminas/laminas-stratigility/src/Next.php(51): Flarum\Api\Middleware\ThrottleApi->process()
#14 /www/wwwroot/bbs/vendor/flarum/core/src/Http/Middleware/CheckCsrfToken.php(44): Laminas\Stratigility\Next->handle()
#15 /www/wwwroot/bbs/vendor/laminas/laminas-stratigility/src/Next.php(51): Flarum\Http\Middleware\CheckCsrfToken->process()
#16 /www/wwwroot/bbs/vendor/flarum/core/src/Http/Middleware/ResolveRoute.php(67): Laminas\Stratigility\Next->handle()
#17 /www/wwwroot/bbs/vendor/laminas/laminas-stratigility/src/Next.php(51): Flarum\Http\Middleware\ResolveRoute->process()
#18 /www/wwwroot/bbs/vendor/flarum/core/src/Http/Middleware/SetLocale.php(51): Laminas\Stratigility\Next->handle()
#19 /www/wwwroot/bbs/vendor/laminas/laminas-stratigility/src/Next.php(51): Flarum\Http\Middleware\SetLocale->process()
#20 /www/wwwroot/bbs/vendor/flarum/core/src/Http/Middleware/AuthenticateWithHeader.php(58): Laminas\Stratigility\Next->handle()
#21 /www/wwwroot/bbs/vendor/laminas/laminas-stratigility/src/Next.php(51): Flarum\Http\Middleware\AuthenticateWithHeader->process()
#22 /www/wwwroot/bbs/vendor/flarum/core/src/Http/Middleware/AuthenticateWithSession.php(31): Laminas\Stratigility\Next->handle()
#23 /www/wwwroot/bbs/vendor/laminas/laminas-stratigility/src/Next.php(51): Flarum\Http\Middleware\AuthenticateWithSession->process()
#24 /www/wwwroot/bbs/vendor/flarum/core/src/Http/Middleware/RememberFromCookie.php(52): Laminas\Stratigility\Next->handle()
#25 /www/wwwroot/bbs/vendor/laminas/laminas-stratigility/src/Next.php(51): Flarum\Http\Middleware\RememberFromCookie->process()
#26 /www/wwwroot/bbs/vendor/flarum/core/src/Http/Middleware/StartSession.php(61): Laminas\Stratigility\Next->handle()
#27 /www/wwwroot/bbs/vendor/laminas/laminas-stratigility/src/Next.php(51): Flarum\Http\Middleware\StartSession->process()
#28 /www/wwwroot/bbs/vendor/flarum/core/src/Api/Middleware/FakeHttpMethods.php(29): Laminas\Stratigility\Next->handle()
#29 /www/wwwroot/bbs/vendor/laminas/laminas-stratigility/src/Next.php(51): Flarum\Api\Middleware\FakeHttpMethods->process()
#30 /www/wwwroot/bbs/vendor/flarum/core/src/Http/Middleware/ParseJsonBody.php(28): Laminas\Stratigility\Next->handle()
#31 /www/wwwroot/bbs/vendor/laminas/laminas-stratigility/src/Next.php(51): Flarum\Http\Middleware\ParseJsonBody->process()
#32 /www/wwwroot/bbs/vendor/flarum/core/src/Http/Middleware/HandleErrors.php(57): Laminas\Stratigility\Next->handle()
#33 /www/wwwroot/bbs/vendor/laminas/laminas-stratigility/src/Next.php(51): Flarum\Http\Middleware\HandleErrors->process()
#34 /www/wwwroot/bbs/vendor/flarum/core/src/Http/Middleware/InjectActorReference.php(25): Laminas\Stratigility\Next->handle()
#35 /www/wwwroot/bbs/vendor/laminas/laminas-stratigility/src/Next.php(51): Flarum\Http\Middleware\InjectActorReference->process()
#36 /www/wwwroot/bbs/vendor/laminas/laminas-stratigility/src/MiddlewarePipe.php(76): Laminas\Stratigility\Next->handle()
#37 /www/wwwroot/bbs/vendor/middlewares/request-handler/src/RequestHandler.php(84): Laminas\Stratigility\MiddlewarePipe->process()
#38 /www/wwwroot/bbs/vendor/laminas/laminas-stratigility/src/Next.php(51): Middlewares\RequestHandler->process()
#39 /www/wwwroot/bbs/vendor/middlewares/base-path-router/src/BasePathRouter.php(101): Laminas\Stratigility\Next->handle()
#40 /www/wwwroot/bbs/vendor/laminas/laminas-stratigility/src/Next.php(51): Middlewares\BasePathRouter->process()
#41 /www/wwwroot/bbs/vendor/laminas/laminas-stratigility/src/Middleware/OriginalMessages.php(36): Laminas\Stratigility\Next->handle()
#42 /www/wwwroot/bbs/vendor/laminas/laminas-stratigility/src/Next.php(51): Laminas\Stratigility\Middleware\OriginalMessages->process()
#43 /www/wwwroot/bbs/vendor/middlewares/base-path/src/BasePath.php(73): Laminas\Stratigility\Next->handle()
#44 /www/wwwroot/bbs/vendor/laminas/laminas-stratigility/src/Next.php(51): Middlewares\BasePath->process()
#45 /www/wwwroot/bbs/vendor/flarum/core/src/Http/Middleware/ProcessIp.php(24): Laminas\Stratigility\Next->handle()
#46 /www/wwwroot/bbs/vendor/laminas/laminas-stratigility/src/Next.php(51): Flarum\Http\Middleware\ProcessIp->process()
#47 /www/wwwroot/bbs/vendor/laminas/laminas-stratigility/src/MiddlewarePipe.php(76): Laminas\Stratigility\Next->handle()
#48 /www/wwwroot/bbs/vendor/laminas/laminas-stratigility/src/MiddlewarePipe.php(65): Laminas\Stratigility\MiddlewarePipe->process()
#49 /www/wwwroot/bbs/vendor/laminas/laminas-httphandlerrunner/src/RequestHandlerRunner.php(96): Laminas\Stratigility\MiddlewarePipe->handle()
#50 /www/wwwroot/bbs/vendor/flarum/core/src/Http/Server.php(44): Laminas\HttpHandlerRunner\RequestHandlerRunner->run()
#51 /www/wwwroot/bbs/public/index.php(26): Flarum\Http\Server->listen()
#52 {main}  
[2022-03-06 10:47:01] flarum.ERROR: Swift_TransportException: Connection could not be established with host smtp.qq.com :stream_socket_client(): unable to connect to tcp://smtp.qq.com:25 (Connection timed out) in /www/wwwroot/bbs/vendor/swiftmailer/swiftmailer/lib/classes/Swift/Transport/StreamBuffer.php:261
Stack trace:
#0 [internal function]: Swift_Transport_StreamBuffer->{closure}()
#1 /www/wwwroot/bbs/vendor/swiftmailer/swiftmailer/lib/classes/Swift/Transport/StreamBuffer.php(264): stream_socket_client()
#2 /www/wwwroot/bbs/vendor/swiftmailer/swiftmailer/lib/classes/Swift/Transport/StreamBuffer.php(58): Swift_Transport_StreamBuffer->establishSocketConnection()
#3 /www/wwwroot/bbs/vendor/swiftmailer/swiftmailer/lib/classes/Swift/Transport/AbstractSmtpTransport.php(143): Swift_Transport_StreamBuffer->initialize()
#4 /www/wwwroot/bbs/vendor/swiftmailer/swiftmailer/lib/classes/Swift/Mailer.php(65): Swift_Transport_AbstractSmtpTransport->start()
#5 /www/wwwroot/bbs/vendor/illuminate/mail/Mailer.php(521): Swift_Mailer->send()
#6 /www/wwwroot/bbs/vendor/illuminate/mail/Mailer.php(288): Illuminate\Mail\Mailer->sendSwiftMessage()
#7 /www/wwwroot/bbs/vendor/illuminate/mail/Mailer.php(212): Illuminate\Mail\Mailer->send()
#8 /www/wwwroot/bbs/vendor/flarum/core/src/Api/Controller/SendTestMailController.php(43): Illuminate\Mail\Mailer->raw()
#9 /www/wwwroot/bbs/vendor/flarum/core/src/Http/RouteHandlerFactory.php(41): Flarum\Api\Controller\SendTestMailController->handle()
#10 /www/wwwroot/bbs/vendor/flarum/core/src/Http/Middleware/ExecuteRoute.php(27): Flarum\Http\RouteHandlerFactory->Flarum\Http\{closure}()
#11 /www/wwwroot/bbs/vendor/laminas/laminas-stratigility/src/Next.php(51): Flarum\Http\Middleware\ExecuteRoute->process()
#12 /www/wwwroot/bbs/vendor/flarum/core/src/Api/Middleware/ThrottleApi.php(33): Laminas\Stratigility\Next->handle()
#13 /www/wwwroot/bbs/vendor/laminas/laminas-stratigility/src/Next.php(51): Flarum\Api\Middleware\ThrottleApi->process()
#14 /www/wwwroot/bbs/vendor/flarum/core/src/Http/Middleware/CheckCsrfToken.php(44): Laminas\Stratigility\Next->handle()
#15 /www/wwwroot/bbs/vendor/laminas/laminas-stratigility/src/Next.php(51): Flarum\Http\Middleware\CheckCsrfToken->process()
#16 /www/wwwroot/bbs/vendor/flarum/core/src/Http/Middleware/ResolveRoute.php(67): Laminas\Stratigility\Next->handle()
#17 /www/wwwroot/bbs/vendor/laminas/laminas-stratigility/src/Next.php(51): Flarum\Http\Middleware\ResolveRoute->process()
#18 /www/wwwroot/bbs/vendor/flarum/core/src/Http/Middleware/SetLocale.php(51): Laminas\Stratigility\Next->handle()
#19 /www/wwwroot/bbs/vendor/laminas/laminas-stratigility/src/Next.php(51): Flarum\Http\Middleware\SetLocale->process()
#20 /www/wwwroot/bbs/vendor/flarum/core/src/Http/Middleware/AuthenticateWithHeader.php(58): Laminas\Stratigility\Next->handle()
#21 /www/wwwroot/bbs/vendor/laminas/laminas-stratigility/src/Next.php(51): Flarum\Http\Middleware\AuthenticateWithHeader->process()
#22 /www/wwwroot/bbs/vendor/flarum/core/src/Http/Middleware/AuthenticateWithSession.php(31): Laminas\Stratigility\Next->handle()
#23 /www/wwwroot/bbs/vendor/laminas/laminas-stratigility/src/Next.php(51): Flarum\Http\Middleware\AuthenticateWithSession->process()
#24 /www/wwwroot/bbs/vendor/flarum/core/src/Http/Middleware/RememberFromCookie.php(52): Laminas\Stratigility\Next->handle()
#25 /www/wwwroot/bbs/vendor/laminas/laminas-stratigility/src/Next.php(51): Flarum\Http\Middleware\RememberFromCookie->process()
#26 /www/wwwroot/bbs/vendor/flarum/core/src/Http/Middleware/StartSession.php(61): Laminas\Stratigility\Next->handle()
#27 /www/wwwroot/bbs/vendor/laminas/laminas-stratigility/src/Next.php(51): Flarum\Http\Middleware\StartSession->process()
#28 /www/wwwroot/bbs/vendor/flarum/core/src/Api/Middleware/FakeHttpMethods.php(29): Laminas\Stratigility\Next->handle()
#29 /www/wwwroot/bbs/vendor/laminas/laminas-stratigility/src/Next.php(51): Flarum\Api\Middleware\FakeHttpMethods->process()
#30 /www/wwwroot/bbs/vendor/flarum/core/src/Http/Middleware/ParseJsonBody.php(28): Laminas\Stratigility\Next->handle()
#31 /www/wwwroot/bbs/vendor/laminas/laminas-stratigility/src/Next.php(51): Flarum\Http\Middleware\ParseJsonBody->process()
#32 /www/wwwroot/bbs/vendor/flarum/core/src/Http/Middleware/HandleErrors.php(57): Laminas\Stratigility\Next->handle()
#33 /www/wwwroot/bbs/vendor/laminas/laminas-stratigility/src/Next.php(51): Flarum\Http\Middleware\HandleErrors->process()
#34 /www/wwwroot/bbs/vendor/flarum/core/src/Http/Middleware/InjectActorReference.php(25): Laminas\Stratigility\Next->handle()
#35 /www/wwwroot/bbs/vendor/laminas/laminas-stratigility/src/Next.php(51): Flarum\Http\Middleware\InjectActorReference->process()
#36 /www/wwwroot/bbs/vendor/laminas/laminas-stratigility/src/MiddlewarePipe.php(76): Laminas\Stratigility\Next->handle()
#37 /www/wwwroot/bbs/vendor/middlewares/request-handler/src/RequestHandler.php(84): Laminas\Stratigility\MiddlewarePipe->process()
#38 /www/wwwroot/bbs/vendor/laminas/laminas-stratigility/src/Next.php(51): Middlewares\RequestHandler->process()
#39 /www/wwwroot/bbs/vendor/middlewares/base-path-router/src/BasePathRouter.php(101): Laminas\Stratigility\Next->handle()
#40 /www/wwwroot/bbs/vendor/laminas/laminas-stratigility/src/Next.php(51): Middlewares\BasePathRouter->process()
#41 /www/wwwroot/bbs/vendor/laminas/laminas-stratigility/src/Middleware/OriginalMessages.php(36): Laminas\Stratigility\Next->handle()
#42 /www/wwwroot/bbs/vendor/laminas/laminas-stratigility/src/Next.php(51): Laminas\Stratigility\Middleware\OriginalMessages->process()
#43 /www/wwwroot/bbs/vendor/middlewares/base-path/src/BasePath.php(73): Laminas\Stratigility\Next->handle()
#44 /www/wwwroot/bbs/vendor/laminas/laminas-stratigility/src/Next.php(51): Middlewares\BasePath->process()
#45 /www/wwwroot/bbs/vendor/flarum/core/src/Http/Middleware/ProcessIp.php(24): Laminas\Stratigility\Next->handle()
#46 /www/wwwroot/bbs/vendor/laminas/laminas-stratigility/src/Next.php(51): Flarum\Http\Middleware\ProcessIp->process()
#47 /www/wwwroot/bbs/vendor/laminas/laminas-stratigility/src/MiddlewarePipe.php(76): Laminas\Stratigility\Next->handle()
#48 /www/wwwroot/bbs/vendor/laminas/laminas-stratigility/src/MiddlewarePipe.php(65): Laminas\Stratigility\MiddlewarePipe->process()
#49 /www/wwwroot/bbs/vendor/laminas/laminas-httphandlerrunner/src/RequestHandlerRunner.php(96): Laminas\Stratigility\MiddlewarePipe->handle()
#50 /www/wwwroot/bbs/vendor/flarum/core/src/Http/Server.php(44): Laminas\HttpHandlerRunner\RequestHandlerRunner->run()
#51 /www/wwwroot/bbs/public/index.php(26): Flarum\Http\Server->listen()
#52 {main}  
[2022-03-06 10:47:56] flarum.ERROR: Swift_TransportException: Connection could not be established with host smtp.qq.com :stream_socket_client(): unable to connect to ssl://smtp.qq.com:25 (Connection timed out) in /www/wwwroot/bbs/vendor/swiftmailer/swiftmailer/lib/classes/Swift/Transport/StreamBuffer.php:261
Stack trace:
#0 [internal function]: Swift_Transport_StreamBuffer->{closure}()
#1 /www/wwwroot/bbs/vendor/swiftmailer/swiftmailer/lib/classes/Swift/Transport/StreamBuffer.php(264): stream_socket_client()
#2 /www/wwwroot/bbs/vendor/swiftmailer/swiftmailer/lib/classes/Swift/Transport/StreamBuffer.php(58): Swift_Transport_StreamBuffer->establishSocketConnection()
#3 /www/wwwroot/bbs/vendor/swiftmailer/swiftmailer/lib/classes/Swift/Transport/AbstractSmtpTransport.php(143): Swift_Transport_StreamBuffer->initialize()
#4 /www/wwwroot/bbs/vendor/swiftmailer/swiftmailer/lib/classes/Swift/Mailer.php(65): Swift_Transport_AbstractSmtpTransport->start()
#5 /www/wwwroot/bbs/vendor/illuminate/mail/Mailer.php(521): Swift_Mailer->send()
#6 /www/wwwroot/bbs/vendor/illuminate/mail/Mailer.php(288): Illuminate\Mail\Mailer->sendSwiftMessage()
#7 /www/wwwroot/bbs/vendor/illuminate/mail/Mailer.php(212): Illuminate\Mail\Mailer->send()
#8 /www/wwwroot/bbs/vendor/flarum/core/src/Api/Controller/SendTestMailController.php(43): Illuminate\Mail\Mailer->raw()
#9 /www/wwwroot/bbs/vendor/flarum/core/src/Http/RouteHandlerFactory.php(41): Flarum\Api\Controller\SendTestMailController->handle()
#10 /www/wwwroot/bbs/vendor/flarum/core/src/Http/Middleware/ExecuteRoute.php(27): Flarum\Http\RouteHandlerFactory->Flarum\Http\{closure}()
#11 /www/wwwroot/bbs/vendor/laminas/laminas-stratigility/src/Next.php(51): Flarum\Http\Middleware\ExecuteRoute->process()
#12 /www/wwwroot/bbs/vendor/flarum/core/src/Api/Middleware/ThrottleApi.php(33): Laminas\Stratigility\Next->handle()
#13 /www/wwwroot/bbs/vendor/laminas/laminas-stratigility/src/Next.php(51): Flarum\Api\Middleware\ThrottleApi->process()
#14 /www/wwwroot/bbs/vendor/flarum/core/src/Http/Middleware/CheckCsrfToken.php(44): Laminas\Stratigility\Next->handle()
#15 /www/wwwroot/bbs/vendor/laminas/laminas-stratigility/src/Next.php(51): Flarum\Http\Middleware\CheckCsrfToken->process()
#16 /www/wwwroot/bbs/vendor/flarum/core/src/Http/Middleware/ResolveRoute.php(67): Laminas\Stratigility\Next->handle()
#17 /www/wwwroot/bbs/vendor/laminas/laminas-stratigility/src/Next.php(51): Flarum\Http\Middleware\ResolveRoute->process()
#18 /www/wwwroot/bbs/vendor/flarum/core/src/Http/Middleware/SetLocale.php(51): Laminas\Stratigility\Next->handle()
#19 /www/wwwroot/bbs/vendor/laminas/laminas-stratigility/src/Next.php(51): Flarum\Http\Middleware\SetLocale->process()
#20 /www/wwwroot/bbs/vendor/flarum/core/src/Http/Middleware/AuthenticateWithHeader.php(58): Laminas\Stratigility\Next->handle()
#21 /www/wwwroot/bbs/vendor/laminas/laminas-stratigility/src/Next.php(51): Flarum\Http\Middleware\AuthenticateWithHeader->process()
#22 /www/wwwroot/bbs/vendor/flarum/core/src/Http/Middleware/AuthenticateWithSession.php(31): Laminas\Stratigility\Next->handle()
#23 /www/wwwroot/bbs/vendor/laminas/laminas-stratigility/src/Next.php(51): Flarum\Http\Middleware\AuthenticateWithSession->process()
#24 /www/wwwroot/bbs/vendor/flarum/core/src/Http/Middleware/RememberFromCookie.php(52): Laminas\Stratigility\Next->handle()
#25 /www/wwwroot/bbs/vendor/laminas/laminas-stratigility/src/Next.php(51): Flarum\Http\Middleware\RememberFromCookie->process()
#26 /www/wwwroot/bbs/vendor/flarum/core/src/Http/Middleware/StartSession.php(61): Laminas\Stratigility\Next->handle()
#27 /www/wwwroot/bbs/vendor/laminas/laminas-stratigility/src/Next.php(51): Flarum\Http\Middleware\StartSession->process()
#28 /www/wwwroot/bbs/vendor/flarum/core/src/Api/Middleware/FakeHttpMethods.php(29): Laminas\Stratigility\Next->handle()
#29 /www/wwwroot/bbs/vendor/laminas/laminas-stratigility/src/Next.php(51): Flarum\Api\Middleware\FakeHttpMethods->process()
#30 /www/wwwroot/bbs/vendor/flarum/core/src/Http/Middleware/ParseJsonBody.php(28): Laminas\Stratigility\Next->handle()
#31 /www/wwwroot/bbs/vendor/laminas/laminas-stratigility/src/Next.php(51): Flarum\Http\Middleware\ParseJsonBody->process()
#32 /www/wwwroot/bbs/vendor/flarum/core/src/Http/Middleware/HandleErrors.php(57): Laminas\Stratigility\Next->handle()
#33 /www/wwwroot/bbs/vendor/laminas/laminas-stratigility/src/Next.php(51): Flarum\Http\Middleware\HandleErrors->process()
#34 /www/wwwroot/bbs/vendor/flarum/core/src/Http/Middleware/InjectActorReference.php(25): Laminas\Stratigility\Next->handle()
#35 /www/wwwroot/bbs/vendor/laminas/laminas-stratigility/src/Next.php(51): Flarum\Http\Middleware\InjectActorReference->process()
#36 /www/wwwroot/bbs/vendor/laminas/laminas-stratigility/src/MiddlewarePipe.php(76): Laminas\Stratigility\Next->handle()
#37 /www/wwwroot/bbs/vendor/middlewares/request-handler/src/RequestHandler.php(84): Laminas\Stratigility\MiddlewarePipe->process()
#38 /www/wwwroot/bbs/vendor/laminas/laminas-stratigility/src/Next.php(51): Middlewares\RequestHandler->process()
#39 /www/wwwroot/bbs/vendor/middlewares/base-path-router/src/BasePathRouter.php(101): Laminas\Stratigility\Next->handle()
#40 /www/wwwroot/bbs/vendor/laminas/laminas-stratigility/src/Next.php(51): Middlewares\BasePathRouter->process()
#41 /www/wwwroot/bbs/vendor/laminas/laminas-stratigility/src/Middleware/OriginalMessages.php(36): Laminas\Stratigility\Next->handle()
#42 /www/wwwroot/bbs/vendor/laminas/laminas-stratigility/src/Next.php(51): Laminas\Stratigility\Middleware\OriginalMessages->process()
#43 /www/wwwroot/bbs/vendor/middlewares/base-path/src/BasePath.php(73): Laminas\Stratigility\Next->handle()
#44 /www/wwwroot/bbs/vendor/laminas/laminas-stratigility/src/Next.php(51): Middlewares\BasePath->process()
#45 /www/wwwroot/bbs/vendor/flarum/core/src/Http/Middleware/ProcessIp.php(24): Laminas\Stratigility\Next->handle()
#46 /www/wwwroot/bbs/vendor/laminas/laminas-stratigility/src/Next.php(51): Flarum\Http\Middleware\ProcessIp->process()
#47 /www/wwwroot/bbs/vendor/laminas/laminas-stratigility/src/MiddlewarePipe.php(76): Laminas\Stratigility\Next->handle()
#48 /www/wwwroot/bbs/vendor/laminas/laminas-stratigility/src/MiddlewarePipe.php(65): Laminas\Stratigility\MiddlewarePipe->process()
#49 /www/wwwroot/bbs/vendor/laminas/laminas-httphandlerrunner/src/RequestHandlerRunner.php(96): Laminas\Stratigility\MiddlewarePipe->handle()
#50 /www/wwwroot/bbs/vendor/flarum/core/src/Http/Server.php(44): Laminas\HttpHandlerRunner\RequestHandlerRunner->run()
#51 /www/wwwroot/bbs/public/index.php(26): Flarum\Http\Server->listen()
#52 {main}  
[2022-03-06 11:22:09] flarum.ERROR: Swift_TransportException: Connection could not be established with host smtp.119.3.111.69 :stream_socket_client(): php_network_getaddresses: getaddrinfo failed: Name or service not known in /www/wwwroot/bbs/vendor/swiftmailer/swiftmailer/lib/classes/Swift/Transport/StreamBuffer.php:261
Stack trace:
#0 [internal function]: Swift_Transport_StreamBuffer->{closure}()
#1 /www/wwwroot/bbs/vendor/swiftmailer/swiftmailer/lib/classes/Swift/Transport/StreamBuffer.php(264): stream_socket_client()
#2 /www/wwwroot/bbs/vendor/swiftmailer/swiftmailer/lib/classes/Swift/Transport/StreamBuffer.php(58): Swift_Transport_StreamBuffer->establishSocketConnection()
#3 /www/wwwroot/bbs/vendor/swiftmailer/swiftmailer/lib/classes/Swift/Transport/AbstractSmtpTransport.php(143): Swift_Transport_StreamBuffer->initialize()
#4 /www/wwwroot/bbs/vendor/swiftmailer/swiftmailer/lib/classes/Swift/Mailer.php(65): Swift_Transport_AbstractSmtpTransport->start()
#5 /www/wwwroot/bbs/vendor/illuminate/mail/Mailer.php(521): Swift_Mailer->send()
#6 /www/wwwroot/bbs/vendor/illuminate/mail/Mailer.php(288): Illuminate\Mail\Mailer->sendSwiftMessage()
#7 /www/wwwroot/bbs/vendor/illuminate/mail/Mailer.php(212): Illuminate\Mail\Mailer->send()
#8 /www/wwwroot/bbs/vendor/flarum/core/src/Api/Controller/SendTestMailController.php(43): Illuminate\Mail\Mailer->raw()
#9 /www/wwwroot/bbs/vendor/flarum/core/src/Http/RouteHandlerFactory.php(41): Flarum\Api\Controller\SendTestMailController->handle()
#10 /www/wwwroot/bbs/vendor/flarum/core/src/Http/Middleware/ExecuteRoute.php(27): Flarum\Http\RouteHandlerFactory->Flarum\Http\{closure}()
#11 /www/wwwroot/bbs/vendor/laminas/laminas-stratigility/src/Next.php(51): Flarum\Http\Middleware\ExecuteRoute->process()
#12 /www/wwwroot/bbs/vendor/flarum/core/src/Api/Middleware/ThrottleApi.php(33): Laminas\Stratigility\Next->handle()
#13 /www/wwwroot/bbs/vendor/laminas/laminas-stratigility/src/Next.php(51): Flarum\Api\Middleware\ThrottleApi->process()
#14 /www/wwwroot/bbs/vendor/flarum/core/src/Http/Middleware/CheckCsrfToken.php(44): Laminas\Stratigility\Next->handle()
#15 /www/wwwroot/bbs/vendor/laminas/laminas-stratigility/src/Next.php(51): Flarum\Http\Middleware\CheckCsrfToken->process()
#16 /www/wwwroot/bbs/vendor/flarum/core/src/Http/Middleware/ResolveRoute.php(67): Laminas\Stratigility\Next->handle()
#17 /www/wwwroot/bbs/vendor/laminas/laminas-stratigility/src/Next.php(51): Flarum\Http\Middleware\ResolveRoute->process()
#18 /www/wwwroot/bbs/vendor/flarum/core/src/Http/Middleware/SetLocale.php(51): Laminas\Stratigility\Next->handle()
#19 /www/wwwroot/bbs/vendor/laminas/laminas-stratigility/src/Next.php(51): Flarum\Http\Middleware\SetLocale->process()
#20 /www/wwwroot/bbs/vendor/flarum/core/src/Http/Middleware/AuthenticateWithHeader.php(58): Laminas\Stratigility\Next->handle()
#21 /www/wwwroot/bbs/vendor/laminas/laminas-stratigility/src/Next.php(51): Flarum\Http\Middleware\AuthenticateWithHeader->process()
#22 /www/wwwroot/bbs/vendor/flarum/core/src/Http/Middleware/AuthenticateWithSession.php(31): Laminas\Stratigility\Next->handle()
#23 /www/wwwroot/bbs/vendor/laminas/laminas-stratigility/src/Next.php(51): Flarum\Http\Middleware\AuthenticateWithSession->process()
#24 /www/wwwroot/bbs/vendor/flarum/core/src/Http/Middleware/RememberFromCookie.php(52): Laminas\Stratigility\Next->handle()
#25 /www/wwwroot/bbs/vendor/laminas/laminas-stratigility/src/Next.php(51): Flarum\Http\Middleware\RememberFromCookie->process()
#26 /www/wwwroot/bbs/vendor/flarum/core/src/Http/Middleware/StartSession.php(61): Laminas\Stratigility\Next->handle()
#27 /www/wwwroot/bbs/vendor/laminas/laminas-stratigility/src/Next.php(51): Flarum\Http\Middleware\StartSession->process()
#28 /www/wwwroot/bbs/vendor/flarum/core/src/Api/Middleware/FakeHttpMethods.php(29): Laminas\Stratigility\Next->handle()
#29 /www/wwwroot/bbs/vendor/laminas/laminas-stratigility/src/Next.php(51): Flarum\Api\Middleware\FakeHttpMethods->process()
#30 /www/wwwroot/bbs/vendor/flarum/core/src/Http/Middleware/ParseJsonBody.php(28): Laminas\Stratigility\Next->handle()
#31 /www/wwwroot/bbs/vendor/laminas/laminas-stratigility/src/Next.php(51): Flarum\Http\Middleware\ParseJsonBody->process()
#32 /www/wwwroot/bbs/vendor/flarum/core/src/Http/Middleware/HandleErrors.php(57): Laminas\Stratigility\Next->handle()
#33 /www/wwwroot/bbs/vendor/laminas/laminas-stratigility/src/Next.php(51): Flarum\Http\Middleware\HandleErrors->process()
#34 /www/wwwroot/bbs/vendor/flarum/core/src/Http/Middleware/InjectActorReference.php(25): Laminas\Stratigility\Next->handle()
#35 /www/wwwroot/bbs/vendor/laminas/laminas-stratigility/src/Next.php(51): Flarum\Http\Middleware\InjectActorReference->process()
#36 /www/wwwroot/bbs/vendor/laminas/laminas-stratigility/src/MiddlewarePipe.php(76): Laminas\Stratigility\Next->handle()
#37 /www/wwwroot/bbs/vendor/middlewares/request-handler/src/RequestHandler.php(84): Laminas\Stratigility\MiddlewarePipe->process()
#38 /www/wwwroot/bbs/vendor/laminas/laminas-stratigility/src/Next.php(51): Middlewares\RequestHandler->process()
#39 /www/wwwroot/bbs/vendor/middlewares/base-path-router/src/BasePathRouter.php(101): Laminas\Stratigility\Next->handle()
#40 /www/wwwroot/bbs/vendor/laminas/laminas-stratigility/src/Next.php(51): Middlewares\BasePathRouter->process()
#41 /www/wwwroot/bbs/vendor/laminas/laminas-stratigility/src/Middleware/OriginalMessages.php(36): Laminas\Stratigility\Next->handle()
#42 /www/wwwroot/bbs/vendor/laminas/laminas-stratigility/src/Next.php(51): Laminas\Stratigility\Middleware\OriginalMessages->process()
#43 /www/wwwroot/bbs/vendor/middlewares/base-path/src/BasePath.php(73): Laminas\Stratigility\Next->handle()
#44 /www/wwwroot/bbs/vendor/laminas/laminas-stratigility/src/Next.php(51): Middlewares\BasePath->process()
#45 /www/wwwroot/bbs/vendor/flarum/core/src/Http/Middleware/ProcessIp.php(24): Laminas\Stratigility\Next->handle()
#46 /www/wwwroot/bbs/vendor/laminas/laminas-stratigility/src/Next.php(51): Flarum\Http\Middleware\ProcessIp->process()
#47 /www/wwwroot/bbs/vendor/laminas/laminas-stratigility/src/MiddlewarePipe.php(76): Laminas\Stratigility\Next->handle()
#48 /www/wwwroot/bbs/vendor/laminas/laminas-stratigility/src/MiddlewarePipe.php(65): Laminas\Stratigility\MiddlewarePipe->process()
#49 /www/wwwroot/bbs/vendor/laminas/laminas-httphandlerrunner/src/RequestHandlerRunner.php(96): Laminas\Stratigility\MiddlewarePipe->handle()
#50 /www/wwwroot/bbs/vendor/flarum/core/src/Http/Server.php(44): Laminas\HttpHandlerRunner\RequestHandlerRunner->run()
#51 /www/wwwroot/bbs/public/index.php(26): Flarum\Http\Server->listen()
#52 {main}  
[2022-03-06 11:22:25] flarum.ERROR: Swift_TransportException: Connection could not be established with host smtp.119.3.111.69 :stream_socket_client(): php_network_getaddresses: getaddrinfo failed: Name or service not known in /www/wwwroot/bbs/vendor/swiftmailer/swiftmailer/lib/classes/Swift/Transport/StreamBuffer.php:261
Stack trace:
#0 [internal function]: Swift_Transport_StreamBuffer->{closure}()
#1 /www/wwwroot/bbs/vendor/swiftmailer/swiftmailer/lib/classes/Swift/Transport/StreamBuffer.php(264): stream_socket_client()
#2 /www/wwwroot/bbs/vendor/swiftmailer/swiftmailer/lib/classes/Swift/Transport/StreamBuffer.php(58): Swift_Transport_StreamBuffer->establishSocketConnection()
#3 /www/wwwroot/bbs/vendor/swiftmailer/swiftmailer/lib/classes/Swift/Transport/AbstractSmtpTransport.php(143): Swift_Transport_StreamBuffer->initialize()
#4 /www/wwwroot/bbs/vendor/swiftmailer/swiftmailer/lib/classes/Swift/Mailer.php(65): Swift_Transport_AbstractSmtpTransport->start()
#5 /www/wwwroot/bbs/vendor/illuminate/mail/Mailer.php(521): Swift_Mailer->send()
#6 /www/wwwroot/bbs/vendor/illuminate/mail/Mailer.php(288): Illuminate\Mail\Mailer->sendSwiftMessage()
#7 /www/wwwroot/bbs/vendor/illuminate/mail/Mailer.php(212): Illuminate\Mail\Mailer->send()
#8 /www/wwwroot/bbs/vendor/flarum/core/src/Api/Controller/SendTestMailController.php(43): Illuminate\Mail\Mailer->raw()
#9 /www/wwwroot/bbs/vendor/flarum/core/src/Http/RouteHandlerFactory.php(41): Flarum\Api\Controller\SendTestMailController->handle()
#10 /www/wwwroot/bbs/vendor/flarum/core/src/Http/Middleware/ExecuteRoute.php(27): Flarum\Http\RouteHandlerFactory->Flarum\Http\{closure}()
#11 /www/wwwroot/bbs/vendor/laminas/laminas-stratigility/src/Next.php(51): Flarum\Http\Middleware\ExecuteRoute->process()
#12 /www/wwwroot/bbs/vendor/flarum/core/src/Api/Middleware/ThrottleApi.php(33): Laminas\Stratigility\Next->handle()
#13 /www/wwwroot/bbs/vendor/laminas/laminas-stratigility/src/Next.php(51): Flarum\Api\Middleware\ThrottleApi->process()
#14 /www/wwwroot/bbs/vendor/flarum/core/src/Http/Middleware/CheckCsrfToken.php(44): Laminas\Stratigility\Next->handle()
#15 /www/wwwroot/bbs/vendor/laminas/laminas-stratigility/src/Next.php(51): Flarum\Http\Middleware\CheckCsrfToken->process()
#16 /www/wwwroot/bbs/vendor/flarum/core/src/Http/Middleware/ResolveRoute.php(67): Laminas\Stratigility\Next->handle()
#17 /www/wwwroot/bbs/vendor/laminas/laminas-stratigility/src/Next.php(51): Flarum\Http\Middleware\ResolveRoute->process()
#18 /www/wwwroot/bbs/vendor/flarum/core/src/Http/Middleware/SetLocale.php(51): Laminas\Stratigility\Next->handle()
#19 /www/wwwroot/bbs/vendor/laminas/laminas-stratigility/src/Next.php(51): Flarum\Http\Middleware\SetLocale->process()
#20 /www/wwwroot/bbs/vendor/flarum/core/src/Http/Middleware/AuthenticateWithHeader.php(58): Laminas\Stratigility\Next->handle()
#21 /www/wwwroot/bbs/vendor/laminas/laminas-stratigility/src/Next.php(51): Flarum\Http\Middleware\AuthenticateWithHeader->process()
#22 /www/wwwroot/bbs/vendor/flarum/core/src/Http/Middleware/AuthenticateWithSession.php(31): Laminas\Stratigility\Next->handle()
#23 /www/wwwroot/bbs/vendor/laminas/laminas-stratigility/src/Next.php(51): Flarum\Http\Middleware\AuthenticateWithSession->process()
#24 /www/wwwroot/bbs/vendor/flarum/core/src/Http/Middleware/RememberFromCookie.php(52): Laminas\Stratigility\Next->handle()
#25 /www/wwwroot/bbs/vendor/laminas/laminas-stratigility/src/Next.php(51): Flarum\Http\Middleware\RememberFromCookie->process()
#26 /www/wwwroot/bbs/vendor/flarum/core/src/Http/Middleware/StartSession.php(61): Laminas\Stratigility\Next->handle()
#27 /www/wwwroot/bbs/vendor/laminas/laminas-stratigility/src/Next.php(51): Flarum\Http\Middleware\StartSession->process()
#28 /www/wwwroot/bbs/vendor/flarum/core/src/Api/Middleware/FakeHttpMethods.php(29): Laminas\Stratigility\Next->handle()
#29 /www/wwwroot/bbs/vendor/laminas/laminas-stratigility/src/Next.php(51): Flarum\Api\Middleware\FakeHttpMethods->process()
#30 /www/wwwroot/bbs/vendor/flarum/core/src/Http/Middleware/ParseJsonBody.php(28): Laminas\Stratigility\Next->handle()
#31 /www/wwwroot/bbs/vendor/laminas/laminas-stratigility/src/Next.php(51): Flarum\Http\Middleware\ParseJsonBody->process()
#32 /www/wwwroot/bbs/vendor/flarum/core/src/Http/Middleware/HandleErrors.php(57): Laminas\Stratigility\Next->handle()
#33 /www/wwwroot/bbs/vendor/laminas/laminas-stratigility/src/Next.php(51): Flarum\Http\Middleware\HandleErrors->process()
#34 /www/wwwroot/bbs/vendor/flarum/core/src/Http/Middleware/InjectActorReference.php(25): Laminas\Stratigility\Next->handle()
#35 /www/wwwroot/bbs/vendor/laminas/laminas-stratigility/src/Next.php(51): Flarum\Http\Middleware\InjectActorReference->process()
#36 /www/wwwroot/bbs/vendor/laminas/laminas-stratigility/src/MiddlewarePipe.php(76): Laminas\Stratigility\Next->handle()
#37 /www/wwwroot/bbs/vendor/middlewares/request-handler/src/RequestHandler.php(84): Laminas\Stratigility\MiddlewarePipe->process()
#38 /www/wwwroot/bbs/vendor/laminas/laminas-stratigility/src/Next.php(51): Middlewares\RequestHandler->process()
#39 /www/wwwroot/bbs/vendor/middlewares/base-path-router/src/BasePathRouter.php(101): Laminas\Stratigility\Next->handle()
#40 /www/wwwroot/bbs/vendor/laminas/laminas-stratigility/src/Next.php(51): Middlewares\BasePathRouter->process()
#41 /www/wwwroot/bbs/vendor/laminas/laminas-stratigility/src/Middleware/OriginalMessages.php(36): Laminas\Stratigility\Next->handle()
#42 /www/wwwroot/bbs/vendor/laminas/laminas-stratigility/src/Next.php(51): Laminas\Stratigility\Middleware\OriginalMessages->process()
#43 /www/wwwroot/bbs/vendor/middlewares/base-path/src/BasePath.php(73): Laminas\Stratigility\Next->handle()
#44 /www/wwwroot/bbs/vendor/laminas/laminas-stratigility/src/Next.php(51): Middlewares\BasePath->process()
#45 /www/wwwroot/bbs/vendor/flarum/core/src/Http/Middleware/ProcessIp.php(24): Laminas\Stratigility\Next->handle()
#46 /www/wwwroot/bbs/vendor/laminas/laminas-stratigility/src/Next.php(51): Flarum\Http\Middleware\ProcessIp->process()
#47 /www/wwwroot/bbs/vendor/laminas/laminas-stratigility/src/MiddlewarePipe.php(76): Laminas\Stratigility\Next->handle()
#48 /www/wwwroot/bbs/vendor/laminas/laminas-stratigility/src/MiddlewarePipe.php(65): Laminas\Stratigility\MiddlewarePipe->process()
#49 /www/wwwroot/bbs/vendor/laminas/laminas-httphandlerrunner/src/RequestHandlerRunner.php(96): Laminas\Stratigility\MiddlewarePipe->handle()
#50 /www/wwwroot/bbs/vendor/flarum/core/src/Http/Server.php(44): Laminas\HttpHandlerRunner\RequestHandlerRunner->run()
#51 /www/wwwroot/bbs/public/index.php(26): Flarum\Http\Server->listen()
#52 {main}  
[2022-03-06 11:22:36] flarum.ERROR: Swift_TransportException: Connection could not be established with host smtp.119.3.111.69 :stream_socket_client(): php_network_getaddresses: getaddrinfo failed: Name or service not known in /www/wwwroot/bbs/vendor/swiftmailer/swiftmailer/lib/classes/Swift/Transport/StreamBuffer.php:261
Stack trace:
#0 [internal function]: Swift_Transport_StreamBuffer->{closure}()
#1 /www/wwwroot/bbs/vendor/swiftmailer/swiftmailer/lib/classes/Swift/Transport/StreamBuffer.php(264): stream_socket_client()
#2 /www/wwwroot/bbs/vendor/swiftmailer/swiftmailer/lib/classes/Swift/Transport/StreamBuffer.php(58): Swift_Transport_StreamBuffer->establishSocketConnection()
#3 /www/wwwroot/bbs/vendor/swiftmailer/swiftmailer/lib/classes/Swift/Transport/AbstractSmtpTransport.php(143): Swift_Transport_StreamBuffer->initialize()
#4 /www/wwwroot/bbs/vendor/swiftmailer/swiftmailer/lib/classes/Swift/Mailer.php(65): Swift_Transport_AbstractSmtpTransport->start()
#5 /www/wwwroot/bbs/vendor/illuminate/mail/Mailer.php(521): Swift_Mailer->send()
#6 /www/wwwroot/bbs/vendor/illuminate/mail/Mailer.php(288): Illuminate\Mail\Mailer->sendSwiftMessage()
#7 /www/wwwroot/bbs/vendor/illuminate/mail/Mailer.php(212): Illuminate\Mail\Mailer->send()
#8 /www/wwwroot/bbs/vendor/flarum/core/src/Api/Controller/SendTestMailController.php(43): Illuminate\Mail\Mailer->raw()
#9 /www/wwwroot/bbs/vendor/flarum/core/src/Http/RouteHandlerFactory.php(41): Flarum\Api\Controller\SendTestMailController->handle()
#10 /www/wwwroot/bbs/vendor/flarum/core/src/Http/Middleware/ExecuteRoute.php(27): Flarum\Http\RouteHandlerFactory->Flarum\Http\{closure}()
#11 /www/wwwroot/bbs/vendor/laminas/laminas-stratigility/src/Next.php(51): Flarum\Http\Middleware\ExecuteRoute->process()
#12 /www/wwwroot/bbs/vendor/flarum/core/src/Api/Middleware/ThrottleApi.php(33): Laminas\Stratigility\Next->handle()
#13 /www/wwwroot/bbs/vendor/laminas/laminas-stratigility/src/Next.php(51): Flarum\Api\Middleware\ThrottleApi->process()
#14 /www/wwwroot/bbs/vendor/flarum/core/src/Http/Middleware/CheckCsrfToken.php(44): Laminas\Stratigility\Next->handle()
#15 /www/wwwroot/bbs/vendor/laminas/laminas-stratigility/src/Next.php(51): Flarum\Http\Middleware\CheckCsrfToken->process()
#16 /www/wwwroot/bbs/vendor/flarum/core/src/Http/Middleware/ResolveRoute.php(67): Laminas\Stratigility\Next->handle()
#17 /www/wwwroot/bbs/vendor/laminas/laminas-stratigility/src/Next.php(51): Flarum\Http\Middleware\ResolveRoute->process()
#18 /www/wwwroot/bbs/vendor/flarum/core/src/Http/Middleware/SetLocale.php(51): Laminas\Stratigility\Next->handle()
#19 /www/wwwroot/bbs/vendor/laminas/laminas-stratigility/src/Next.php(51): Flarum\Http\Middleware\SetLocale->process()
#20 /www/wwwroot/bbs/vendor/flarum/core/src/Http/Middleware/AuthenticateWithHeader.php(58): Laminas\Stratigility\Next->handle()
#21 /www/wwwroot/bbs/vendor/laminas/laminas-stratigility/src/Next.php(51): Flarum\Http\Middleware\AuthenticateWithHeader->process()
#22 /www/wwwroot/bbs/vendor/flarum/core/src/Http/Middleware/AuthenticateWithSession.php(31): Laminas\Stratigility\Next->handle()
#23 /www/wwwroot/bbs/vendor/laminas/laminas-stratigility/src/Next.php(51): Flarum\Http\Middleware\AuthenticateWithSession->process()
#24 /www/wwwroot/bbs/vendor/flarum/core/src/Http/Middleware/RememberFromCookie.php(52): Laminas\Stratigility\Next->handle()
#25 /www/wwwroot/bbs/vendor/laminas/laminas-stratigility/src/Next.php(51): Flarum\Http\Middleware\RememberFromCookie->process()
#26 /www/wwwroot/bbs/vendor/flarum/core/src/Http/Middleware/StartSession.php(61): Laminas\Stratigility\Next->handle()
#27 /www/wwwroot/bbs/vendor/laminas/laminas-stratigility/src/Next.php(51): Flarum\Http\Middleware\StartSession->process()
#28 /www/wwwroot/bbs/vendor/flarum/core/src/Api/Middleware/FakeHttpMethods.php(29): Laminas\Stratigility\Next->handle()
#29 /www/wwwroot/bbs/vendor/laminas/laminas-stratigility/src/Next.php(51): Flarum\Api\Middleware\FakeHttpMethods->process()
#30 /www/wwwroot/bbs/vendor/flarum/core/src/Http/Middleware/ParseJsonBody.php(28): Laminas\Stratigility\Next->handle()
#31 /www/wwwroot/bbs/vendor/laminas/laminas-stratigility/src/Next.php(51): Flarum\Http\Middleware\ParseJsonBody->process()
#32 /www/wwwroot/bbs/vendor/flarum/core/src/Http/Middleware/HandleErrors.php(57): Laminas\Stratigility\Next->handle()
#33 /www/wwwroot/bbs/vendor/laminas/laminas-stratigility/src/Next.php(51): Flarum\Http\Middleware\HandleErrors->process()
#34 /www/wwwroot/bbs/vendor/flarum/core/src/Http/Middleware/InjectActorReference.php(25): Laminas\Stratigility\Next->handle()
#35 /www/wwwroot/bbs/vendor/laminas/laminas-stratigility/src/Next.php(51): Flarum\Http\Middleware\InjectActorReference->process()
#36 /www/wwwroot/bbs/vendor/laminas/laminas-stratigility/src/MiddlewarePipe.php(76): Laminas\Stratigility\Next->handle()
#37 /www/wwwroot/bbs/vendor/middlewares/request-handler/src/RequestHandler.php(84): Laminas\Stratigility\MiddlewarePipe->process()
#38 /www/wwwroot/bbs/vendor/laminas/laminas-stratigility/src/Next.php(51): Middlewares\RequestHandler->process()
#39 /www/wwwroot/bbs/vendor/middlewares/base-path-router/src/BasePathRouter.php(101): Laminas\Stratigility\Next->handle()
#40 /www/wwwroot/bbs/vendor/laminas/laminas-stratigility/src/Next.php(51): Middlewares\BasePathRouter->process()
#41 /www/wwwroot/bbs/vendor/laminas/laminas-stratigility/src/Middleware/OriginalMessages.php(36): Laminas\Stratigility\Next->handle()
#42 /www/wwwroot/bbs/vendor/laminas/laminas-stratigility/src/Next.php(51): Laminas\Stratigility\Middleware\OriginalMessages->process()
#43 /www/wwwroot/bbs/vendor/middlewares/base-path/src/BasePath.php(73): Laminas\Stratigility\Next->handle()
#44 /www/wwwroot/bbs/vendor/laminas/laminas-stratigility/src/Next.php(51): Middlewares\BasePath->process()
#45 /www/wwwroot/bbs/vendor/flarum/core/src/Http/Middleware/ProcessIp.php(24): Laminas\Stratigility\Next->handle()
#46 /www/wwwroot/bbs/vendor/laminas/laminas-stratigility/src/Next.php(51): Flarum\Http\Middleware\ProcessIp->process()
#47 /www/wwwroot/bbs/vendor/laminas/laminas-stratigility/src/MiddlewarePipe.php(76): Laminas\Stratigility\Next->handle()
#48 /www/wwwroot/bbs/vendor/laminas/laminas-stratigility/src/MiddlewarePipe.php(65): Laminas\Stratigility\MiddlewarePipe->process()
#49 /www/wwwroot/bbs/vendor/laminas/laminas-httphandlerrunner/src/RequestHandlerRunner.php(96): Laminas\Stratigility\MiddlewarePipe->handle()
#50 /www/wwwroot/bbs/vendor/flarum/core/src/Http/Server.php(44): Laminas\HttpHandlerRunner\RequestHandlerRunner->run()
#51 /www/wwwroot/bbs/public/index.php(26): Flarum\Http\Server->listen()
#52 {main}  
[2022-03-06 13:03:55] flarum.ERROR: PDOException: SQLSTATE[23000]: Integrity constraint violation: 1062 Duplicate entry '78563777@qq.com' for key 'users_email_unique' in /www/wwwroot/bbs/vendor/doctrine/dbal/lib/Doctrine/DBAL/Driver/PDOStatement.php:117
Stack trace:
#0 /www/wwwroot/bbs/vendor/doctrine/dbal/lib/Doctrine/DBAL/Driver/PDOStatement.php(117): PDOStatement->execute()
#1 /www/wwwroot/bbs/vendor/illuminate/database/Connection.php(526): Doctrine\DBAL\Driver\PDOStatement->execute()
#2 /www/wwwroot/bbs/vendor/illuminate/database/Connection.php(705): Illuminate\Database\Connection->Illuminate\Database\{closure}()
#3 /www/wwwroot/bbs/vendor/illuminate/database/Connection.php(672): Illuminate\Database\Connection->runQueryCallback()
#4 /www/wwwroot/bbs/vendor/illuminate/database/Connection.php(533): Illuminate\Database\Connection->run()
#5 /www/wwwroot/bbs/vendor/illuminate/database/Connection.php(466): Illuminate\Database\Connection->affectingStatement()
#6 /www/wwwroot/bbs/vendor/illuminate/database/Query/Builder.php(3063): Illuminate\Database\Connection->update()
#7 /www/wwwroot/bbs/vendor/illuminate/database/Eloquent/Builder.php(921): Illuminate\Database\Query\Builder->update()
#8 /www/wwwroot/bbs/vendor/illuminate/database/Eloquent/Model.php(1072): Illuminate\Database\Eloquent\Builder->update()
#9 /www/wwwroot/bbs/vendor/illuminate/database/Eloquent/Model.php(987): Illuminate\Database\Eloquent\Model->performUpdate()
#10 /www/wwwroot/bbs/vendor/flarum/core/src/User/Command/ConfirmEmailHandler.php(49): Illuminate\Database\Eloquent\Model->save()
#11 /www/wwwroot/bbs/vendor/illuminate/bus/Dispatcher.php(122): Flarum\User\Command\ConfirmEmailHandler->handle()
#12 /www/wwwroot/bbs/vendor/illuminate/pipeline/Pipeline.php(128): Illuminate\Bus\Dispatcher->Illuminate\Bus\{closure}()
#13 /www/wwwroot/bbs/vendor/illuminate/pipeline/Pipeline.php(103): Illuminate\Pipeline\Pipeline->Illuminate\Pipeline\{closure}()
#14 /www/wwwroot/bbs/vendor/illuminate/bus/Dispatcher.php(132): Illuminate\Pipeline\Pipeline->then()
#15 /www/wwwroot/bbs/vendor/illuminate/bus/Dispatcher.php(78): Illuminate\Bus\Dispatcher->dispatchNow()
#16 /www/wwwroot/bbs/vendor/flarum/core/src/Forum/Controller/ConfirmEmailController.php(61): Illuminate\Bus\Dispatcher->dispatch()
#17 /www/wwwroot/bbs/vendor/flarum/core/src/Http/RouteHandlerFactory.php(41): Flarum\Forum\Controller\ConfirmEmailController->handle()
#18 /www/wwwroot/bbs/vendor/flarum/core/src/Http/Middleware/ExecuteRoute.php(27): Flarum\Http\RouteHandlerFactory->Flarum\Http\{closure}()
#19 /www/wwwroot/bbs/vendor/laminas/laminas-stratigility/src/Next.php(51): Flarum\Http\Middleware\ExecuteRoute->process()
#20 /www/wwwroot/bbs/vendor/flarum/core/src/Http/Middleware/ContentTypeOptionsHeader.php(21): Laminas\Stratigility\Next->handle()
#21 /www/wwwroot/bbs/vendor/laminas/laminas-stratigility/src/Next.php(51): Flarum\Http\Middleware\ContentTypeOptionsHeader->process()
#22 /www/wwwroot/bbs/vendor/flarum/core/src/Http/Middleware/ReferrerPolicyHeader.php(30): Laminas\Stratigility\Next->handle()
#23 /www/wwwroot/bbs/vendor/laminas/laminas-stratigility/src/Next.php(51): Flarum\Http\Middleware\ReferrerPolicyHeader->process()
#24 /www/wwwroot/bbs/vendor/flarum/core/src/Http/Middleware/FlarumPromotionHeader.php(30): Laminas\Stratigility\Next->handle()
#25 /www/wwwroot/bbs/vendor/laminas/laminas-stratigility/src/Next.php(51): Flarum\Http\Middleware\FlarumPromotionHeader->process()
#26 /www/wwwroot/bbs/vendor/flarum/core/src/Http/Middleware/ShareErrorsFromSession.php(57): Laminas\Stratigility\Next->handle()
#27 /www/wwwroot/bbs/vendor/laminas/laminas-stratigility/src/Next.php(51): Flarum\Http\Middleware\ShareErrorsFromSession->process()
#28 /www/wwwroot/bbs/vendor/flarum/core/src/Http/Middleware/CheckCsrfToken.php(44): Laminas\Stratigility\Next->handle()
#29 /www/wwwroot/bbs/vendor/laminas/laminas-stratigility/src/Next.php(51): Flarum\Http\Middleware\CheckCsrfToken->process()
#30 /www/wwwroot/bbs/vendor/flarum/core/src/Http/Middleware/ResolveRoute.php(67): Laminas\Stratigility\Next->handle()
#31 /www/wwwroot/bbs/vendor/laminas/laminas-stratigility/src/Next.php(51): Flarum\Http\Middleware\ResolveRoute->process()
#32 /www/wwwroot/bbs/vendor/flarum/core/src/Http/Middleware/SetLocale.php(51): Laminas\Stratigility\Next->handle()
#33 /www/wwwroot/bbs/vendor/laminas/laminas-stratigility/src/Next.php(51): Flarum\Http\Middleware\SetLocale->process()
#34 /www/wwwroot/bbs/vendor/flarum/core/src/Http/Middleware/AuthenticateWithSession.php(31): Laminas\Stratigility\Next->handle()
#35 /www/wwwroot/bbs/vendor/laminas/laminas-stratigility/src/Next.php(51): Flarum\Http\Middleware\AuthenticateWithSession->process()
#36 /www/wwwroot/bbs/vendor/flarum/core/src/Http/Middleware/RememberFromCookie.php(52): Laminas\Stratigility\Next->handle()
#37 /www/wwwroot/bbs/vendor/laminas/laminas-stratigility/src/Next.php(51): Flarum\Http\Middleware\RememberFromCookie->process()
#38 /www/wwwroot/bbs/vendor/flarum/core/src/Http/Middleware/StartSession.php(61): Laminas\Stratigility\Next->handle()
#39 /www/wwwroot/bbs/vendor/laminas/laminas-stratigility/src/Next.php(51): Flarum\Http\Middleware\StartSession->process()
#40 /www/wwwroot/bbs/vendor/flarum/core/src/Http/Middleware/CollectGarbage.php(46): Laminas\Stratigility\Next->handle()
#41 /www/wwwroot/bbs/vendor/laminas/laminas-stratigility/src/Next.php(51): Flarum\Http\Middleware\CollectGarbage->process()
#42 /www/wwwroot/bbs/vendor/flarum/core/src/Http/Middleware/ParseJsonBody.php(28): Laminas\Stratigility\Next->handle()
#43 /www/wwwroot/bbs/vendor/laminas/laminas-stratigility/src/Next.php(51): Flarum\Http\Middleware\ParseJsonBody->process()
#44 /www/wwwroot/bbs/vendor/flarum/core/src/Http/Middleware/HandleErrors.php(57): Laminas\Stratigility\Next->handle()
#45 /www/wwwroot/bbs/vendor/laminas/laminas-stratigility/src/Next.php(51): Flarum\Http\Middleware\HandleErrors->process()
#46 /www/wwwroot/bbs/vendor/flarum/core/src/Http/Middleware/InjectActorReference.php(25): Laminas\Stratigility\Next->handle()
#47 /www/wwwroot/bbs/vendor/laminas/laminas-stratigility/src/Next.php(51): Flarum\Http\Middleware\InjectActorReference->process()
#48 /www/wwwroot/bbs/vendor/laminas/laminas-stratigility/src/MiddlewarePipe.php(76): Laminas\Stratigility\Next->handle()
#49 /www/wwwroot/bbs/vendor/middlewares/request-handler/src/RequestHandler.php(84): Laminas\Stratigility\MiddlewarePipe->process()
#50 /www/wwwroot/bbs/vendor/laminas/laminas-stratigility/src/Next.php(51): Middlewares\RequestHandler->process()
#51 /www/wwwroot/bbs/vendor/middlewares/base-path-router/src/BasePathRouter.php(101): Laminas\Stratigility\Next->handle()
#52 /www/wwwroot/bbs/vendor/laminas/laminas-stratigility/src/Next.php(51): Middlewares\BasePathRouter->process()
#53 /www/wwwroot/bbs/vendor/laminas/laminas-stratigility/src/Middleware/OriginalMessages.php(36): Laminas\Stratigility\Next->handle()
#54 /www/wwwroot/bbs/vendor/laminas/laminas-stratigility/src/Next.php(51): Laminas\Stratigility\Middleware\OriginalMessages->process()
#55 /www/wwwroot/bbs/vendor/middlewares/base-path/src/BasePath.php(73): Laminas\Stratigility\Next->handle()
#56 /www/wwwroot/bbs/vendor/laminas/laminas-stratigility/src/Next.php(51): Middlewares\BasePath->process()
#57 /www/wwwroot/bbs/vendor/flarum/core/src/Http/Middleware/ProcessIp.php(24): Laminas\Stratigility\Next->handle()
#58 /www/wwwroot/bbs/vendor/laminas/laminas-stratigility/src/Next.php(51): Flarum\Http\Middleware\ProcessIp->process()
#59 /www/wwwroot/bbs/vendor/laminas/laminas-stratigility/src/MiddlewarePipe.php(76): Laminas\Stratigility\Next->handle()
#60 /www/wwwroot/bbs/vendor/laminas/laminas-stratigility/src/MiddlewarePipe.php(65): Laminas\Stratigility\MiddlewarePipe->process()
#61 /www/wwwroot/bbs/vendor/laminas/laminas-httphandlerrunner/src/RequestHandlerRunner.php(96): Laminas\Stratigility\MiddlewarePipe->handle()
#62 /www/wwwroot/bbs/vendor/flarum/core/src/Http/Server.php(44): Laminas\HttpHandlerRunner\RequestHandlerRunner->run()
#63 /www/wwwroot/bbs/public/index.php(26): Flarum\Http\Server->listen()
#64 {main}

Next Doctrine\DBAL\Driver\PDO\Exception: SQLSTATE[23000]: Integrity constraint violation: 1062 Duplicate entry '78563777@qq.com' for key 'users_email_unique' in /www/wwwroot/bbs/vendor/doctrine/dbal/lib/Doctrine/DBAL/Driver/PDO/Exception.php:18
Stack trace:
#0 /www/wwwroot/bbs/vendor/doctrine/dbal/lib/Doctrine/DBAL/Driver/PDOStatement.php(119): Doctrine\DBAL\Driver\PDO\Exception::new()
#1 /www/wwwroot/bbs/vendor/illuminate/database/Connection.php(526): Doctrine\DBAL\Driver\PDOStatement->execute()
#2 /www/wwwroot/bbs/vendor/illuminate/database/Connection.php(705): Illuminate\Database\Connection->Illuminate\Database\{closure}()
#3 /www/wwwroot/bbs/vendor/illuminate/database/Connection.php(672): Illuminate\Database\Connection->runQueryCallback()
#4 /www/wwwroot/bbs/vendor/illuminate/database/Connection.php(533): Illuminate\Database\Connection->run()
#5 /www/wwwroot/bbs/vendor/illuminate/database/Connection.php(466): Illuminate\Database\Connection->affectingStatement()
#6 /www/wwwroot/bbs/vendor/illuminate/database/Query/Builder.php(3063): Illuminate\Database\Connection->update()
#7 /www/wwwroot/bbs/vendor/illuminate/database/Eloquent/Builder.php(921): Illuminate\Database\Query\Builder->update()
#8 /www/wwwroot/bbs/vendor/illuminate/database/Eloquent/Model.php(1072): Illuminate\Database\Eloquent\Builder->update()
#9 /www/wwwroot/bbs/vendor/illuminate/database/Eloquent/Model.php(987): Illuminate\Database\Eloquent\Model->performUpdate()
#10 /www/wwwroot/bbs/vendor/flarum/core/src/User/Command/ConfirmEmailHandler.php(49): Illuminate\Database\Eloquent\Model->save()
#11 /www/wwwroot/bbs/vendor/illuminate/bus/Dispatcher.php(122): Flarum\User\Command\ConfirmEmailHandler->handle()
#12 /www/wwwroot/bbs/vendor/illuminate/pipeline/Pipeline.php(128): Illuminate\Bus\Dispatcher->Illuminate\Bus\{closure}()
#13 /www/wwwroot/bbs/vendor/illuminate/pipeline/Pipeline.php(103): Illuminate\Pipeline\Pipeline->Illuminate\Pipeline\{closure}()
#14 /www/wwwroot/bbs/vendor/illuminate/bus/Dispatcher.php(132): Illuminate\Pipeline\Pipeline->then()
#15 /www/wwwroot/bbs/vendor/illuminate/bus/Dispatcher.php(78): Illuminate\Bus\Dispatcher->dispatchNow()
#16 /www/wwwroot/bbs/vendor/flarum/core/src/Forum/Controller/ConfirmEmailController.php(61): Illuminate\Bus\Dispatcher->dispatch()
#17 /www/wwwroot/bbs/vendor/flarum/core/src/Http/RouteHandlerFactory.php(41): Flarum\Forum\Controller\ConfirmEmailController->handle()
#18 /www/wwwroot/bbs/vendor/flarum/core/src/Http/Middleware/ExecuteRoute.php(27): Flarum\Http\RouteHandlerFactory->Flarum\Http\{closure}()
#19 /www/wwwroot/bbs/vendor/laminas/laminas-stratigility/src/Next.php(51): Flarum\Http\Middleware\ExecuteRoute->process()
#20 /www/wwwroot/bbs/vendor/flarum/core/src/Http/Middleware/ContentTypeOptionsHeader.php(21): Laminas\Stratigility\Next->handle()
#21 /www/wwwroot/bbs/vendor/laminas/laminas-stratigility/src/Next.php(51): Flarum\Http\Middleware\ContentTypeOptionsHeader->process()
#22 /www/wwwroot/bbs/vendor/flarum/core/src/Http/Middleware/ReferrerPolicyHeader.php(30): Laminas\Stratigility\Next->handle()
#23 /www/wwwroot/bbs/vendor/laminas/laminas-stratigility/src/Next.php(51): Flarum\Http\Middleware\ReferrerPolicyHeader->process()
#24 /www/wwwroot/bbs/vendor/flarum/core/src/Http/Middleware/FlarumPromotionHeader.php(30): Laminas\Stratigility\Next->handle()
#25 /www/wwwroot/bbs/vendor/laminas/laminas-stratigility/src/Next.php(51): Flarum\Http\Middleware\FlarumPromotionHeader->process()
#26 /www/wwwroot/bbs/vendor/flarum/core/src/Http/Middleware/ShareErrorsFromSession.php(57): Laminas\Stratigility\Next->handle()
#27 /www/wwwroot/bbs/vendor/laminas/laminas-stratigility/src/Next.php(51): Flarum\Http\Middleware\ShareErrorsFromSession->process()
#28 /www/wwwroot/bbs/vendor/flarum/core/src/Http/Middleware/CheckCsrfToken.php(44): Laminas\Stratigility\Next->handle()
#29 /www/wwwroot/bbs/vendor/laminas/laminas-stratigility/src/Next.php(51): Flarum\Http\Middleware\CheckCsrfToken->process()
#30 /www/wwwroot/bbs/vendor/flarum/core/src/Http/Middleware/ResolveRoute.php(67): Laminas\Stratigility\Next->handle()
#31 /www/wwwroot/bbs/vendor/laminas/laminas-stratigility/src/Next.php(51): Flarum\Http\Middleware\ResolveRoute->process()
#32 /www/wwwroot/bbs/vendor/flarum/core/src/Http/Middleware/SetLocale.php(51): Laminas\Stratigility\Next->handle()
#33 /www/wwwroot/bbs/vendor/laminas/laminas-stratigility/src/Next.php(51): Flarum\Http\Middleware\SetLocale->process()
#34 /www/wwwroot/bbs/vendor/flarum/core/src/Http/Middleware/AuthenticateWithSession.php(31): Laminas\Stratigility\Next->handle()
#35 /www/wwwroot/bbs/vendor/laminas/laminas-stratigility/src/Next.php(51): Flarum\Http\Middleware\AuthenticateWithSession->process()
#36 /www/wwwroot/bbs/vendor/flarum/core/src/Http/Middleware/RememberFromCookie.php(52): Laminas\Stratigility\Next->handle()
#37 /www/wwwroot/bbs/vendor/laminas/laminas-stratigility/src/Next.php(51): Flarum\Http\Middleware\RememberFromCookie->process()
#38 /www/wwwroot/bbs/vendor/flarum/core/src/Http/Middleware/StartSession.php(61): Laminas\Stratigility\Next->handle()
#39 /www/wwwroot/bbs/vendor/laminas/laminas-stratigility/src/Next.php(51): Flarum\Http\Middleware\StartSession->process()
#40 /www/wwwroot/bbs/vendor/flarum/core/src/Http/Middleware/CollectGarbage.php(46): Laminas\Stratigility\Next->handle()
#41 /www/wwwroot/bbs/vendor/laminas/laminas-stratigility/src/Next.php(51): Flarum\Http\Middleware\CollectGarbage->process()
#42 /www/wwwroot/bbs/vendor/flarum/core/src/Http/Middleware/ParseJsonBody.php(28): Laminas\Stratigility\Next->handle()
#43 /www/wwwroot/bbs/vendor/laminas/laminas-stratigility/src/Next.php(51): Flarum\Http\Middleware\ParseJsonBody->process()
#44 /www/wwwroot/bbs/vendor/flarum/core/src/Http/Middleware/HandleErrors.php(57): Laminas\Stratigility\Next->handle()
#45 /www/wwwroot/bbs/vendor/laminas/laminas-stratigility/src/Next.php(51): Flarum\Http\Middleware\HandleErrors->process()
#46 /www/wwwroot/bbs/vendor/flarum/core/src/Http/Middleware/InjectActorReference.php(25): Laminas\Stratigility\Next->handle()
#47 /www/wwwroot/bbs/vendor/laminas/laminas-stratigility/src/Next.php(51): Flarum\Http\Middleware\InjectActorReference->process()
#48 /www/wwwroot/bbs/vendor/laminas/laminas-stratigility/src/MiddlewarePipe.php(76): Laminas\Stratigility\Next->handle()
#49 /www/wwwroot/bbs/vendor/middlewares/request-handler/src/RequestHandler.php(84): Laminas\Stratigility\MiddlewarePipe->process()
#50 /www/wwwroot/bbs/vendor/laminas/laminas-stratigility/src/Next.php(51): Middlewares\RequestHandler->process()
#51 /www/wwwroot/bbs/vendor/middlewares/base-path-router/src/BasePathRouter.php(101): Laminas\Stratigility\Next->handle()
#52 /www/wwwroot/bbs/vendor/laminas/laminas-stratigility/src/Next.php(51): Middlewares\BasePathRouter->process()
#53 /www/wwwroot/bbs/vendor/laminas/laminas-stratigility/src/Middleware/OriginalMessages.php(36): Laminas\Stratigility\Next->handle()
#54 /www/wwwroot/bbs/vendor/laminas/laminas-stratigility/src/Next.php(51): Laminas\Stratigility\Middleware\OriginalMessages->process()
#55 /www/wwwroot/bbs/vendor/middlewares/base-path/src/BasePath.php(73): Laminas\Stratigility\Next->handle()
#56 /www/wwwroot/bbs/vendor/laminas/laminas-stratigility/src/Next.php(51): Middlewares\BasePath->process()
#57 /www/wwwroot/bbs/vendor/flarum/core/src/Http/Middleware/ProcessIp.php(24): Laminas\Stratigility\Next->handle()
#58 /www/wwwroot/bbs/vendor/laminas/laminas-stratigility/src/Next.php(51): Flarum\Http\Middleware\ProcessIp->process()
#59 /www/wwwroot/bbs/vendor/laminas/laminas-stratigility/src/MiddlewarePipe.php(76): Laminas\Stratigility\Next->handle()
#60 /www/wwwroot/bbs/vendor/laminas/laminas-stratigility/src/MiddlewarePipe.php(65): Laminas\Stratigility\MiddlewarePipe->process()
#61 /www/wwwroot/bbs/vendor/laminas/laminas-httphandlerrunner/src/RequestHandlerRunner.php(96): Laminas\Stratigility\MiddlewarePipe->handle()
#62 /www/wwwroot/bbs/vendor/flarum/core/src/Http/Server.php(44): Laminas\HttpHandlerRunner\RequestHandlerRunner->run()
#63 /www/wwwroot/bbs/public/index.php(26): Flarum\Http\Server->listen()
#64 {main}

Next Illuminate\Database\QueryException: SQLSTATE[23000]: Integrity constraint violation: 1062 Duplicate entry '78563777@qq.com' for key 'users_email_unique' (SQL: update `users` set `email` = 78563777@qq.com, `is_email_confirmed` = 1 where `id` = 5) in /www/wwwroot/bbs/vendor/illuminate/database/Connection.php:712
Stack trace:
#0 /www/wwwroot/bbs/vendor/illuminate/database/Connection.php(672): Illuminate\Database\Connection->runQueryCallback()
#1 /www/wwwroot/bbs/vendor/illuminate/database/Connection.php(533): Illuminate\Database\Connection->run()
#2 /www/wwwroot/bbs/vendor/illuminate/database/Connection.php(466): Illuminate\Database\Connection->affectingStatement()
#3 /www/wwwroot/bbs/vendor/illuminate/database/Query/Builder.php(3063): Illuminate\Database\Connection->update()
#4 /www/wwwroot/bbs/vendor/illuminate/database/Eloquent/Builder.php(921): Illuminate\Database\Query\Builder->update()
#5 /www/wwwroot/bbs/vendor/illuminate/database/Eloquent/Model.php(1072): Illuminate\Database\Eloquent\Builder->update()
#6 /www/wwwroot/bbs/vendor/illuminate/database/Eloquent/Model.php(987): Illuminate\Database\Eloquent\Model->performUpdate()
#7 /www/wwwroot/bbs/vendor/flarum/core/src/User/Command/ConfirmEmailHandler.php(49): Illuminate\Database\Eloquent\Model->save()
#8 /www/wwwroot/bbs/vendor/illuminate/bus/Dispatcher.php(122): Flarum\User\Command\ConfirmEmailHandler->handle()
#9 /www/wwwroot/bbs/vendor/illuminate/pipeline/Pipeline.php(128): Illuminate\Bus\Dispatcher->Illuminate\Bus\{closure}()
#10 /www/wwwroot/bbs/vendor/illuminate/pipeline/Pipeline.php(103): Illuminate\Pipeline\Pipeline->Illuminate\Pipeline\{closure}()
#11 /www/wwwroot/bbs/vendor/illuminate/bus/Dispatcher.php(132): Illuminate\Pipeline\Pipeline->then()
#12 /www/wwwroot/bbs/vendor/illuminate/bus/Dispatcher.php(78): Illuminate\Bus\Dispatcher->dispatchNow()
#13 /www/wwwroot/bbs/vendor/flarum/core/src/Forum/Controller/ConfirmEmailController.php(61): Illuminate\Bus\Dispatcher->dispatch()
#14 /www/wwwroot/bbs/vendor/flarum/core/src/Http/RouteHandlerFactory.php(41): Flarum\Forum\Controller\ConfirmEmailController->handle()
#15 /www/wwwroot/bbs/vendor/flarum/core/src/Http/Middleware/ExecuteRoute.php(27): Flarum\Http\RouteHandlerFactory->Flarum\Http\{closure}()
#16 /www/wwwroot/bbs/vendor/laminas/laminas-stratigility/src/Next.php(51): Flarum\Http\Middleware\ExecuteRoute->process()
#17 /www/wwwroot/bbs/vendor/flarum/core/src/Http/Middleware/ContentTypeOptionsHeader.php(21): Laminas\Stratigility\Next->handle()
#18 /www/wwwroot/bbs/vendor/laminas/laminas-stratigility/src/Next.php(51): Flarum\Http\Middleware\ContentTypeOptionsHeader->process()
#19 /www/wwwroot/bbs/vendor/flarum/core/src/Http/Middleware/ReferrerPolicyHeader.php(30): Laminas\Stratigility\Next->handle()
#20 /www/wwwroot/bbs/vendor/laminas/laminas-stratigility/src/Next.php(51): Flarum\Http\Middleware\ReferrerPolicyHeader->process()
#21 /www/wwwroot/bbs/vendor/flarum/core/src/Http/Middleware/FlarumPromotionHeader.php(30): Laminas\Stratigility\Next->handle()
#22 /www/wwwroot/bbs/vendor/laminas/laminas-stratigility/src/Next.php(51): Flarum\Http\Middleware\FlarumPromotionHeader->process()
#23 /www/wwwroot/bbs/vendor/flarum/core/src/Http/Middleware/ShareErrorsFromSession.php(57): Laminas\Stratigility\Next->handle()
#24 /www/wwwroot/bbs/vendor/laminas/laminas-stratigility/src/Next.php(51): Flarum\Http\Middleware\ShareErrorsFromSession->process()
#25 /www/wwwroot/bbs/vendor/flarum/core/src/Http/Middleware/CheckCsrfToken.php(44): Laminas\Stratigility\Next->handle()
#26 /www/wwwroot/bbs/vendor/laminas/laminas-stratigility/src/Next.php(51): Flarum\Http\Middleware\CheckCsrfToken->process()
#27 /www/wwwroot/bbs/vendor/flarum/core/src/Http/Middleware/ResolveRoute.php(67): Laminas\Stratigility\Next->handle()
#28 /www/wwwroot/bbs/vendor/laminas/laminas-stratigility/src/Next.php(51): Flarum\Http\Middleware\ResolveRoute->process()
#29 /www/wwwroot/bbs/vendor/flarum/core/src/Http/Middleware/SetLocale.php(51): Laminas\Stratigility\Next->handle()
#30 /www/wwwroot/bbs/vendor/laminas/laminas-stratigility/src/Next.php(51): Flarum\Http\Middleware\SetLocale->process()
#31 /www/wwwroot/bbs/vendor/flarum/core/src/Http/Middleware/AuthenticateWithSession.php(31): Laminas\Stratigility\Next->handle()
#32 /www/wwwroot/bbs/vendor/laminas/laminas-stratigility/src/Next.php(51): Flarum\Http\Middleware\AuthenticateWithSession->process()
#33 /www/wwwroot/bbs/vendor/flarum/core/src/Http/Middleware/RememberFromCookie.php(52): Laminas\Stratigility\Next->handle()
#34 /www/wwwroot/bbs/vendor/laminas/laminas-stratigility/src/Next.php(51): Flarum\Http\Middleware\RememberFromCookie->process()
#35 /www/wwwroot/bbs/vendor/flarum/core/src/Http/Middleware/StartSession.php(61): Laminas\Stratigility\Next->handle()
#36 /www/wwwroot/bbs/vendor/laminas/laminas-stratigility/src/Next.php(51): Flarum\Http\Middleware\StartSession->process()
#37 /www/wwwroot/bbs/vendor/flarum/core/src/Http/Middleware/CollectGarbage.php(46): Laminas\Stratigility\Next->handle()
#38 /www/wwwroot/bbs/vendor/laminas/laminas-stratigility/src/Next.php(51): Flarum\Http\Middleware\CollectGarbage->process()
#39 /www/wwwroot/bbs/vendor/flarum/core/src/Http/Middleware/ParseJsonBody.php(28): Laminas\Stratigility\Next->handle()
#40 /www/wwwroot/bbs/vendor/laminas/laminas-stratigility/src/Next.php(51): Flarum\Http\Middleware\ParseJsonBody->process()
#41 /www/wwwroot/bbs/vendor/flarum/core/src/Http/Middleware/HandleErrors.php(57): Laminas\Stratigility\Next->handle()
#42 /www/wwwroot/bbs/vendor/laminas/laminas-stratigility/src/Next.php(51): Flarum\Http\Middleware\HandleErrors->process()
#43 /www/wwwroot/bbs/vendor/flarum/core/src/Http/Middleware/InjectActorReference.php(25): Laminas\Stratigility\Next->handle()
#44 /www/wwwroot/bbs/vendor/laminas/laminas-stratigility/src/Next.php(51): Flarum\Http\Middleware\InjectActorReference->process()
#45 /www/wwwroot/bbs/vendor/laminas/laminas-stratigility/src/MiddlewarePipe.php(76): Laminas\Stratigility\Next->handle()
#46 /www/wwwroot/bbs/vendor/middlewares/request-handler/src/RequestHandler.php(84): Laminas\Stratigility\MiddlewarePipe->process()
#47 /www/wwwroot/bbs/vendor/laminas/laminas-stratigility/src/Next.php(51): Middlewares\RequestHandler->process()
#48 /www/wwwroot/bbs/vendor/middlewares/base-path-router/src/BasePathRouter.php(101): Laminas\Stratigility\Next->handle()
#49 /www/wwwroot/bbs/vendor/laminas/laminas-stratigility/src/Next.php(51): Middlewares\BasePathRouter->process()
#50 /www/wwwroot/bbs/vendor/laminas/laminas-stratigility/src/Middleware/OriginalMessages.php(36): Laminas\Stratigility\Next->handle()
#51 /www/wwwroot/bbs/vendor/laminas/laminas-stratigility/src/Next.php(51): Laminas\Stratigility\Middleware\OriginalMessages->process()
#52 /www/wwwroot/bbs/vendor/middlewares/base-path/src/BasePath.php(73): Laminas\Stratigility\Next->handle()
#53 /www/wwwroot/bbs/vendor/laminas/laminas-stratigility/src/Next.php(51): Middlewares\BasePath->process()
#54 /www/wwwroot/bbs/vendor/flarum/core/src/Http/Middleware/ProcessIp.php(24): Laminas\Stratigility\Next->handle()
#55 /www/wwwroot/bbs/vendor/laminas/laminas-stratigility/src/Next.php(51): Flarum\Http\Middleware\ProcessIp->process()
#56 /www/wwwroot/bbs/vendor/laminas/laminas-stratigility/src/MiddlewarePipe.php(76): Laminas\Stratigility\Next->handle()
#57 /www/wwwroot/bbs/vendor/laminas/laminas-stratigility/src/MiddlewarePipe.php(65): Laminas\Stratigility\MiddlewarePipe->process()
#58 /www/wwwroot/bbs/vendor/laminas/laminas-httphandlerrunner/src/RequestHandlerRunner.php(96): Laminas\Stratigility\MiddlewarePipe->handle()
#59 /www/wwwroot/bbs/vendor/flarum/core/src/Http/Server.php(44): Laminas\HttpHandlerRunner\RequestHandlerRunner->run()
#60 /www/wwwroot/bbs/public/index.php(26): Flarum\Http\Server->listen()
#61 {main}  
